Starting up http-server, serving ./
Available on:
  http://127.0.0.1:8080
  http://172.17.0.3:8080
Hit CTRL-C to stop the server
[Thu May 24 2018 21:54:11 GMT+0800 (CST)] "GET /" "Mozilla/5.0 (Windows NT 10.0; Win64; x64) AppleWebKit/537.36 (KHTML, like Gecko) Chrome/66.0.3359.117 Safari/537.36"
[Thu May 24 2018 21:54:11 GMT+0800 (CST)] "GET /css/bootstrap.min.css" "Mozilla/5.0 (Windows NT 10.0; Win64; x64) AppleWebKit/537.36 (KHTML, like Gecko) Chrome/66.0.3359.117 Safari/537.36"
[Thu May 24 2018 21:54:11 GMT+0800 (CST)] "GET /font-awesome/css/font-awesome.css" "Mozilla/5.0 (Windows NT 10.0; Win64; x64) AppleWebKit/537.36 (KHTML, like Gecko) Chrome/66.0.3359.117 Safari/537.36"
[Thu May 24 2018 21:54:11 GMT+0800 (CST)] "GET /css/plugins/toastr/toastr.min.css" "Mozilla/5.0 (Windows NT 10.0; Win64; x64) AppleWebKit/537.36 (KHTML, like Gecko) Chrome/66.0.3359.117 Safari/537.36"
[Thu May 24 2018 21:54:11 GMT+0800 (CST)] "GET /js/plugins/gritter/jquery.gritter.css" "Mozilla/5.0 (Windows NT 10.0; Win64; x64) AppleWebKit/537.36 (KHTML, like Gecko) Chrome/66.0.3359.117 Safari/537.36"
[Thu May 24 2018 21:54:11 GMT+0800 (CST)] "GET /css/animate.css" "Mozilla/5.0 (Windows NT 10.0; Win64; x64) AppleWebKit/537.36 (KHTML, like Gecko) Chrome/66.0.3359.117 Safari/537.36"
[Thu May 24 2018 21:54:11 GMT+0800 (CST)] "GET /css/style.css" "Mozilla/5.0 (Windows NT 10.0; Win64; x64) AppleWebKit/537.36 (KHTML, like Gecko) Chrome/66.0.3359.117 Safari/537.36"
[Thu May 24 2018 21:54:11 GMT+0800 (CST)] "GET /img/profile_small.jpg" "Mozilla/5.0 (Windows NT 10.0; Win64; x64) AppleWebKit/537.36 (KHTML, like Gecko) Chrome/66.0.3359.117 Safari/537.36"
[Thu May 24 2018 21:54:11 GMT+0800 (CST)] "GET /img/profile.jpg" "Mozilla/5.0 (Windows NT 10.0; Win64; x64) AppleWebKit/537.36 (KHTML, like Gecko) Chrome/66.0.3359.117 Safari/537.36"
[Thu May 24 2018 21:54:11 GMT+0800 (CST)] "GET /img/a7.jpg" "Mozilla/5.0 (Windows NT 10.0; Win64; x64) AppleWebKit/537.36 (KHTML, like Gecko) Chrome/66.0.3359.117 Safari/537.36"
[Thu May 24 2018 21:54:11 GMT+0800 (CST)] "GET /img/a2.jpg" "Mozilla/5.0 (Windows NT 10.0; Win64; x64) AppleWebKit/537.36 (KHTML, like Gecko) Chrome/66.0.3359.117 Safari/537.36"
[Thu May 24 2018 21:54:11 GMT+0800 (CST)] "GET /img/a4.jpg" "Mozilla/5.0 (Windows NT 10.0; Win64; x64) AppleWebKit/537.36 (KHTML, like Gecko) Chrome/66.0.3359.117 Safari/537.36"
[Thu May 24 2018 21:54:11 GMT+0800 (CST)] "GET /img/a3.jpg" "Mozilla/5.0 (Windows NT 10.0; Win64; x64) AppleWebKit/537.36 (KHTML, like Gecko) Chrome/66.0.3359.117 Safari/537.36"
[Thu May 24 2018 21:54:11 GMT+0800 (CST)] "GET /js/jquery-3.1.1.min.js" "Mozilla/5.0 (Windows NT 10.0; Win64; x64) AppleWebKit/537.36 (KHTML, like Gecko) Chrome/66.0.3359.117 Safari/537.36"
[Thu May 24 2018 21:54:11 GMT+0800 (CST)] "GET /js/bootstrap.min.js" "Mozilla/5.0 (Windows NT 10.0; Win64; x64) AppleWebKit/537.36 (KHTML, like Gecko) Chrome/66.0.3359.117 Safari/537.36"
[Thu May 24 2018 21:54:11 GMT+0800 (CST)] "GET /js/plugins/flot/jquery.flot.js" "Mozilla/5.0 (Windows NT 10.0; Win64; x64) AppleWebKit/537.36 (KHTML, like Gecko) Chrome/66.0.3359.117 Safari/537.36"
[Thu May 24 2018 21:54:11 GMT+0800 (CST)] "GET /js/plugins/metisMenu/jquery.metisMenu.js" "Mozilla/5.0 (Windows NT 10.0; Win64; x64) AppleWebKit/537.36 (KHTML, like Gecko) Chrome/66.0.3359.117 Safari/537.36"
[Thu May 24 2018 21:54:11 GMT+0800 (CST)] "GET /js/plugins/slimscroll/jquery.slimscroll.min.js" "Mozilla/5.0 (Windows NT 10.0; Win64; x64) AppleWebKit/537.36 (KHTML, like Gecko) Chrome/66.0.3359.117 Safari/537.36"
[Thu May 24 2018 21:54:11 GMT+0800 (CST)] "GET /js/plugins/flot/jquery.flot.spline.js" "Mozilla/5.0 (Windows NT 10.0; Win64; x64) AppleWebKit/537.36 (KHTML, like Gecko) Chrome/66.0.3359.117 Safari/537.36"
[Thu May 24 2018 21:54:11 GMT+0800 (CST)] "GET /js/plugins/flot/jquery.flot.tooltip.min.js" "Mozilla/5.0 (Windows NT 10.0; Win64; x64) AppleWebKit/537.36 (KHTML, like Gecko) Chrome/66.0.3359.117 Safari/537.36"
[Thu May 24 2018 21:54:11 GMT+0800 (CST)] "GET /js/plugins/flot/jquery.flot.resize.js" "Mozilla/5.0 (Windows NT 10.0; Win64; x64) AppleWebKit/537.36 (KHTML, like Gecko) Chrome/66.0.3359.117 Safari/537.36"
[Thu May 24 2018 21:54:11 GMT+0800 (CST)] "GET /js/demo/peity-demo.js" "Mozilla/5.0 (Windows NT 10.0; Win64; x64) AppleWebKit/537.36 (KHTML, like Gecko) Chrome/66.0.3359.117 Safari/537.36"
[Thu May 24 2018 21:54:11 GMT+0800 (CST)] "GET /js/plugins/peity/jquery.peity.min.js" "Mozilla/5.0 (Windows NT 10.0; Win64; x64) AppleWebKit/537.36 (KHTML, like Gecko) Chrome/66.0.3359.117 Safari/537.36"
[Thu May 24 2018 21:54:11 GMT+0800 (CST)] "GET /js/plugins/flot/jquery.flot.pie.js" "Mozilla/5.0 (Windows NT 10.0; Win64; x64) AppleWebKit/537.36 (KHTML, like Gecko) Chrome/66.0.3359.117 Safari/537.36"
[Thu May 24 2018 21:54:11 GMT+0800 (CST)] "GET /js/plugins/pace/pace.min.js" "Mozilla/5.0 (Windows NT 10.0; Win64; x64) AppleWebKit/537.36 (KHTML, like Gecko) Chrome/66.0.3359.117 Safari/537.36"
[Thu May 24 2018 21:54:11 GMT+0800 (CST)] "GET /js/inspinia.js" "Mozilla/5.0 (Windows NT 10.0; Win64; x64) AppleWebKit/537.36 (KHTML, like Gecko) Chrome/66.0.3359.117 Safari/537.36"
[Thu May 24 2018 21:54:11 GMT+0800 (CST)] "GET /js/plugins/jquery-ui/jquery-ui.min.js" "Mozilla/5.0 (Windows NT 10.0; Win64; x64) AppleWebKit/537.36 (KHTML, like Gecko) Chrome/66.0.3359.117 Safari/537.36"
[Thu May 24 2018 21:54:11 GMT+0800 (CST)] "GET /js/plugins/chartJs/Chart.min.js" "Mozilla/5.0 (Windows NT 10.0; Win64; x64) AppleWebKit/537.36 (KHTML, like Gecko) Chrome/66.0.3359.117 Safari/537.36"
[Thu May 24 2018 21:54:11 GMT+0800 (CST)] "GET /js/plugins/sparkline/jquery.sparkline.min.js" "Mozilla/5.0 (Windows NT 10.0; Win64; x64) AppleWebKit/537.36 (KHTML, like Gecko) Chrome/66.0.3359.117 Safari/537.36"
[Thu May 24 2018 21:54:11 GMT+0800 (CST)] "GET /js/demo/sparkline-demo.js" "Mozilla/5.0 (Windows NT 10.0; Win64; x64) AppleWebKit/537.36 (KHTML, like Gecko) Chrome/66.0.3359.117 Safari/537.36"
[Thu May 24 2018 21:54:11 GMT+0800 (CST)] "GET /js/plugins/toastr/toastr.min.js" "Mozilla/5.0 (Windows NT 10.0; Win64; x64) AppleWebKit/537.36 (KHTML, like Gecko) Chrome/66.0.3359.117 Safari/537.36"
[Thu May 24 2018 21:54:11 GMT+0800 (CST)] "GET /js/plugins/gritter/jquery.gritter.min.js" "Mozilla/5.0 (Windows NT 10.0; Win64; x64) AppleWebKit/537.36 (KHTML, like Gecko) Chrome/66.0.3359.117 Safari/537.36"
[Thu May 24 2018 21:54:11 GMT+0800 (CST)] "GET /img/a5.jpg" "Mozilla/5.0 (Windows NT 10.0; Win64; x64) AppleWebKit/537.36 (KHTML, like Gecko) Chrome/66.0.3359.117 Safari/537.36"
[Thu May 24 2018 21:54:11 GMT+0800 (CST)] "GET /css/patterns/header-profile.png" "Mozilla/5.0 (Windows NT 10.0; Win64; x64) AppleWebKit/537.36 (KHTML, like Gecko) Chrome/66.0.3359.117 Safari/537.36"
[Thu May 24 2018 21:54:11 GMT+0800 (CST)] "GET /font-awesome/fonts/fontawesome-webfont.woff2?v=4.7.0" "Mozilla/5.0 (Windows NT 10.0; Win64; x64) AppleWebKit/537.36 (KHTML, like Gecko) Chrome/66.0.3359.117 Safari/537.36"
[Thu May 24 2018 21:54:11 GMT+0800 (CST)] "GET /img/a1.jpg" "Mozilla/5.0 (Windows NT 10.0; Win64; x64) AppleWebKit/537.36 (KHTML, like Gecko) Chrome/66.0.3359.117 Safari/537.36"
[Thu May 24 2018 21:54:11 GMT+0800 (CST)] "GET /img/a8.jpg" "Mozilla/5.0 (Windows NT 10.0; Win64; x64) AppleWebKit/537.36 (KHTML, like Gecko) Chrome/66.0.3359.117 Safari/537.36"
[Thu May 24 2018 21:54:11 GMT+0800 (CST)] "GET /skin-config.html" "Mozilla/5.0 (Windows NT 10.0; Win64; x64) AppleWebKit/537.36 (KHTML, like Gecko) Chrome/66.0.3359.117 Safari/537.36"
[Thu May 24 2018 21:54:12 GMT+0800 (CST)] "GET /dashboard_2.html" "Mozilla/5.0 (Windows NT 10.0; Win64; x64) AppleWebKit/537.36 (KHTML, like Gecko) Chrome/66.0.3359.117 Safari/537.36"
[Thu May 24 2018 21:54:12 GMT+0800 (CST)] "GET /js/plugins/jvectormap/jquery-jvectormap-2.0.2.min.js" "Mozilla/5.0 (Windows NT 10.0; Win64; x64) AppleWebKit/537.36 (KHTML, like Gecko) Chrome/66.0.3359.117 Safari/537.36"
[Thu May 24 2018 21:54:12 GMT+0800 (CST)] "GET /js/plugins/jvectormap/jquery-jvectormap-world-mill-en.js" "Mozilla/5.0 (Windows NT 10.0; Win64; x64) AppleWebKit/537.36 (KHTML, like Gecko) Chrome/66.0.3359.117 Safari/537.36"
[Thu May 24 2018 21:54:12 GMT+0800 (CST)] "GET /js/plugins/easypiechart/jquery.easypiechart.js" "Mozilla/5.0 (Windows NT 10.0; Win64; x64) AppleWebKit/537.36 (KHTML, like Gecko) Chrome/66.0.3359.117 Safari/537.36"
[Thu May 24 2018 21:54:12 GMT+0800 (CST)] "GET /js/plugins/flot/jquery.flot.time.js" "Mozilla/5.0 (Windows NT 10.0; Win64; x64) AppleWebKit/537.36 (KHTML, like Gecko) Chrome/66.0.3359.117 Safari/537.36"
[Thu May 24 2018 21:54:12 GMT+0800 (CST)] "GET /js/plugins/flot/jquery.flot.symbol.js" "Mozilla/5.0 (Windows NT 10.0; Win64; x64) AppleWebKit/537.36 (KHTML, like Gecko) Chrome/66.0.3359.117 Safari/537.36"
[Thu May 24 2018 21:54:15 GMT+0800 (CST)] "GET /dashboard_3.html" "Mozilla/5.0 (Windows NT 10.0; Win64; x64) AppleWebKit/537.36 (KHTML, like Gecko) Chrome/66.0.3359.117 Safari/537.36"
[Thu May 24 2018 21:54:15 GMT+0800 (CST)] "GET /js/plugins/flot/curvedLines.js" "Mozilla/5.0 (Windows NT 10.0; Win64; x64) AppleWebKit/537.36 (KHTML, like Gecko) Chrome/66.0.3359.117 Safari/537.36"
[Thu May 24 2018 21:54:16 GMT+0800 (CST)] "GET /dashboard_4_1.html" "Mozilla/5.0 (Windows NT 10.0; Win64; x64) AppleWebKit/537.36 (KHTML, like Gecko) Chrome/66.0.3359.117 Safari/537.36"
[Thu May 24 2018 21:54:16 GMT+0800 (CST)] "GET /css/plugins/morris/morris-0.4.3.min.css" "Mozilla/5.0 (Windows NT 10.0; Win64; x64) AppleWebKit/537.36 (KHTML, like Gecko) Chrome/66.0.3359.117 Safari/537.36"
[Thu May 24 2018 21:54:17 GMT+0800 (CST)] "GET /dashboard_5.html" "Mozilla/5.0 (Windows NT 10.0; Win64; x64) AppleWebKit/537.36 (KHTML, like Gecko) Chrome/66.0.3359.117 Safari/537.36"
[Thu May 24 2018 21:54:20 GMT+0800 (CST)] "GET /layouts.html" "Mozilla/5.0 (Windows NT 10.0; Win64; x64) AppleWebKit/537.36 (KHTML, like Gecko) Chrome/66.0.3359.117 Safari/537.36"
[Thu May 24 2018 21:54:20 GMT+0800 (CST)] "GET /img/dashboard4_1.jpg" "Mozilla/5.0 (Windows NT 10.0; Win64; x64) AppleWebKit/537.36 (KHTML, like Gecko) Chrome/66.0.3359.117 Safari/537.36"
[Thu May 24 2018 21:54:20 GMT+0800 (CST)] "GET /img/dashboard4_2.jpg" "Mozilla/5.0 (Windows NT 10.0; Win64; x64) AppleWebKit/537.36 (KHTML, like Gecko) Chrome/66.0.3359.117 Safari/537.36"
[Thu May 24 2018 21:54:20 GMT+0800 (CST)] "GET /img/off_canvas.jpg" "Mozilla/5.0 (Windows NT 10.0; Win64; x64) AppleWebKit/537.36 (KHTML, like Gecko) Chrome/66.0.3359.117 Safari/537.36"
[Thu May 24 2018 21:54:20 GMT+0800 (CST)] "GET /img/full_height.jpg" "Mozilla/5.0 (Windows NT 10.0; Win64; x64) AppleWebKit/537.36 (KHTML, like Gecko) Chrome/66.0.3359.117 Safari/537.36"
[Thu May 24 2018 21:54:42 GMT+0800 (CST)] "GET /login_two_columns.html" "Mozilla/5.0 (Windows NT 10.0; Win64; x64) AppleWebKit/537.36 (KHTML, like Gecko) Chrome/66.0.3359.117 Safari/537.36"
[Thu May 24 2018 21:54:52 GMT+0800 (CST)] "GET /empty_page.html" "Mozilla/5.0 (Windows NT 10.0; Win64; x64) AppleWebKit/537.36 (KHTML, like Gecko) Chrome/66.0.3359.117 Safari/537.36"
[Thu May 24 2018 21:57:17 GMT+0800 (CST)] "GET /invoice.html" "Mozilla/5.0 (Windows NT 10.0; Win64; x64) AppleWebKit/537.36 (KHTML, like Gecko) Chrome/66.0.3359.117 Safari/537.36"
[Thu May 24 2018 21:57:22 GMT+0800 (CST)] "GET /buttons.html" "Mozilla/5.0 (Windows NT 10.0; Win64; x64) AppleWebKit/537.36 (KHTML, like Gecko) Chrome/66.0.3359.117 Safari/537.36"
[Thu May 24 2018 21:57:51 GMT+0800 (CST)] "GET /clients.html" "Mozilla/5.0 (Windows NT 10.0; Win64; x64) AppleWebKit/537.36 (KHTML, like Gecko) Chrome/66.0.3359.117 Safari/537.36"
[Thu May 24 2018 21:57:51 GMT+0800 (CST)] "GET /img/a6.jpg" "Mozilla/5.0 (Windows NT 10.0; Win64; x64) AppleWebKit/537.36 (KHTML, like Gecko) Chrome/66.0.3359.117 Safari/537.36"
[Thu May 24 2018 22:46:46 GMT+0800 (CST)] "GET /skin-config.html" "Mozilla/5.0 (iPhone; CPU iPhone OS 9_3_4 like Mac OS X) AppleWebKit/601.1.46 (KHTML, like Gecko) Mobile/13G35 QQ/6.5.3.410 V1_IPH_SQ_6.5.3_1_APP_A Pixel/750 Core/UIWebView NetType/2G Mem/117"
[Thu May 24 2018 22:54:09 GMT+0800 (CST)] "GET /" "Mozilla/5.0 (Windows NT 6.1; Win64; x64) AppleWebKit/537.36 (KHTML, like Gecko) Chrome/65.0.3325.181 Safari/537.36"
[Thu May 24 2018 23:19:51 GMT+0800 (CST)] "GET /" "Mozilla/5.0 (Windows NT 6.1; WOW64) AppleWebKit/537.36 (KHTML, like Gecko) Chrome/52.0.2743.116 Safari/537.36"
[Thu May 24 2018 23:24:03 GMT+0800 (CST)] "GET /" "undefined"
[Thu May 24 2018 23:41:01 GMT+0800 (CST)] "GET /" "Mozilla/5.0 (Macintosh; Intel Mac OS X 10_11_6) AppleWebKit/601.7.7 (KHTML, like Gecko) Version/9.1.2 Safari/601.7.7"
[Thu May 24 2018 23:46:27 GMT+0800 (CST)] "POST /GponForm/diag_Form?images/" "Hello, World"
[Thu May 24 2018 23:46:27 GMT+0800 (CST)] "POST /GponForm/diag_Form?images/" Error (404): "Not found"
[Thu May 24 2018 23:58:46 GMT+0800 (CST)] "POST /GponForm/diag_Form?images/" "Hello, World"
[Thu May 24 2018 23:58:46 GMT+0800 (CST)] "POST /GponForm/diag_Form?images/" Error (404): "Not found"
[Fri May 25 2018 00:06:28 GMT+0800 (CST)] "POST /GponForm/diag_Form?images/" "Hello, World"
[Fri May 25 2018 00:06:28 GMT+0800 (CST)] "POST /GponForm/diag_Form?images/" Error (404): "Not found"
[Fri May 25 2018 00:15:57 GMT+0800 (CST)] "GET /" "Mozilla/5.0"
[Fri May 25 2018 00:42:20 GMT+0800 (CST)] "GET /" "Mozilla/5.0 (Windows NT 6.1; WOW64) AppleWebKit/537.36 (KHTML, like Gecko) Chrome/51.0.2704.103 Safari/537.36"
[Fri May 25 2018 01:02:19 GMT+0800 (CST)] "GET /" "Mozilla/5.0 (Windows NT 10.0; WOW64) AppleWebKit/537.36 (KHTML, like Gecko) Chrome/52.0.2743.116 Safari/537.36"
[Fri May 25 2018 01:06:38 GMT+0800 (CST)] "GET /dashboard_2.html" "Mozilla/5.0 (iPhone; CPU iPhone OS 9_3_4 like Mac OS X) AppleWebKit/601.1.46 (KHTML, like Gecko) Mobile/13G35 QQ/6.5.3.410 V1_IPH_SQ_6.5.3_1_APP_A Pixel/750 Core/UIWebView NetType/2G Mem/117"
[Fri May 25 2018 01:32:44 GMT+0800 (CST)] "GET /" "Mozilla/5.0 (Windows NT 10.0; WOW64) AppleWebKit/537.36 (KHTML, like Gecko) Chrome/52.0.2743.116 Safari/537.36"
[Fri May 25 2018 01:53:17 GMT+0800 (CST)] "GET /" "undefined"
[Fri May 25 2018 01:55:30 GMT+0800 (CST)] "GET /" "Mozilla/5.0 (Windows NT 6.1; WOW64) AppleWebKit/537.36 (KHTML, like Gecko) Chrome/52.0.2743.116 Safari/537.36"
[Fri May 25 2018 01:57:09 GMT+0800 (CST)] "GET http://www.baidu.com/cache/global/img/gs.gif" "Mozilla"
[Fri May 25 2018 02:23:35 GMT+0800 (CST)] "GET /" "Mozilla/5.0 (Windows NT 6.1; WOW64) AppleWebKit/537.36 (KHTML, like Gecko) Chrome/51.0.2704.103 Safari/537.36"
Starting up http-server, serving ./
Available on:
  http://127.0.0.1:8080
  http://172.17.0.3:8080
Hit CTRL-C to stop the server
[Sun May 27 2018 11:23:17 GMT+0800 (CST)] "GET /" "Mozilla/5.0 (Windows NT 10.0; Win64; x64) AppleWebKit/537.36 (KHTML, like Gecko) Chrome/66.0.3359.117 Safari/537.36"
[Sun May 27 2018 11:23:17 GMT+0800 (CST)] "GET /css/bootstrap.min.css" "Mozilla/5.0 (Windows NT 10.0; Win64; x64) AppleWebKit/537.36 (KHTML, like Gecko) Chrome/66.0.3359.117 Safari/537.36"
[Sun May 27 2018 11:23:17 GMT+0800 (CST)] "GET /font-awesome/css/font-awesome.css" "Mozilla/5.0 (Windows NT 10.0; Win64; x64) AppleWebKit/537.36 (KHTML, like Gecko) Chrome/66.0.3359.117 Safari/537.36"
[Sun May 27 2018 11:23:17 GMT+0800 (CST)] "GET /js/plugins/gritter/jquery.gritter.css" "Mozilla/5.0 (Windows NT 10.0; Win64; x64) AppleWebKit/537.36 (KHTML, like Gecko) Chrome/66.0.3359.117 Safari/537.36"
[Sun May 27 2018 11:23:17 GMT+0800 (CST)] "GET /css/animate.css" "Mozilla/5.0 (Windows NT 10.0; Win64; x64) AppleWebKit/537.36 (KHTML, like Gecko) Chrome/66.0.3359.117 Safari/537.36"
[Sun May 27 2018 11:23:17 GMT+0800 (CST)] "GET /css/plugins/toastr/toastr.min.css" "Mozilla/5.0 (Windows NT 10.0; Win64; x64) AppleWebKit/537.36 (KHTML, like Gecko) Chrome/66.0.3359.117 Safari/537.36"
[Sun May 27 2018 11:23:17 GMT+0800 (CST)] "GET /css/style.css" "Mozilla/5.0 (Windows NT 10.0; Win64; x64) AppleWebKit/537.36 (KHTML, like Gecko) Chrome/66.0.3359.117 Safari/537.36"
[Sun May 27 2018 11:23:17 GMT+0800 (CST)] "GET /js/jquery-3.1.1.min.js" "Mozilla/5.0 (Windows NT 10.0; Win64; x64) AppleWebKit/537.36 (KHTML, like Gecko) Chrome/66.0.3359.117 Safari/537.36"
[Sun May 27 2018 11:23:17 GMT+0800 (CST)] "GET /js/plugins/flot/jquery.flot.js" "Mozilla/5.0 (Windows NT 10.0; Win64; x64) AppleWebKit/537.36 (KHTML, like Gecko) Chrome/66.0.3359.117 Safari/537.36"
[Sun May 27 2018 11:23:17 GMT+0800 (CST)] "GET /js/plugins/flot/jquery.flot.tooltip.min.js" "Mozilla/5.0 (Windows NT 10.0; Win64; x64) AppleWebKit/537.36 (KHTML, like Gecko) Chrome/66.0.3359.117 Safari/537.36"
[Sun May 27 2018 11:23:17 GMT+0800 (CST)] "GET /js/bootstrap.min.js" "Mozilla/5.0 (Windows NT 10.0; Win64; x64) AppleWebKit/537.36 (KHTML, like Gecko) Chrome/66.0.3359.117 Safari/537.36"
[Sun May 27 2018 11:23:17 GMT+0800 (CST)] "GET /js/plugins/metisMenu/jquery.metisMenu.js" "Mozilla/5.0 (Windows NT 10.0; Win64; x64) AppleWebKit/537.36 (KHTML, like Gecko) Chrome/66.0.3359.117 Safari/537.36"
[Sun May 27 2018 11:23:17 GMT+0800 (CST)] "GET /js/plugins/slimscroll/jquery.slimscroll.min.js" "Mozilla/5.0 (Windows NT 10.0; Win64; x64) AppleWebKit/537.36 (KHTML, like Gecko) Chrome/66.0.3359.117 Safari/537.36"
[Sun May 27 2018 11:23:17 GMT+0800 (CST)] "GET /js/plugins/flot/jquery.flot.spline.js" "Mozilla/5.0 (Windows NT 10.0; Win64; x64) AppleWebKit/537.36 (KHTML, like Gecko) Chrome/66.0.3359.117 Safari/537.36"
[Sun May 27 2018 11:23:17 GMT+0800 (CST)] "GET /js/plugins/flot/jquery.flot.resize.js" "Mozilla/5.0 (Windows NT 10.0; Win64; x64) AppleWebKit/537.36 (KHTML, like Gecko) Chrome/66.0.3359.117 Safari/537.36"
[Sun May 27 2018 11:23:17 GMT+0800 (CST)] "GET /js/plugins/peity/jquery.peity.min.js" "Mozilla/5.0 (Windows NT 10.0; Win64; x64) AppleWebKit/537.36 (KHTML, like Gecko) Chrome/66.0.3359.117 Safari/537.36"
[Sun May 27 2018 11:23:17 GMT+0800 (CST)] "GET /js/demo/peity-demo.js" "Mozilla/5.0 (Windows NT 10.0; Win64; x64) AppleWebKit/537.36 (KHTML, like Gecko) Chrome/66.0.3359.117 Safari/537.36"
[Sun May 27 2018 11:23:17 GMT+0800 (CST)] "GET /js/plugins/flot/jquery.flot.pie.js" "Mozilla/5.0 (Windows NT 10.0; Win64; x64) AppleWebKit/537.36 (KHTML, like Gecko) Chrome/66.0.3359.117 Safari/537.36"
[Sun May 27 2018 11:23:17 GMT+0800 (CST)] "GET /js/inspinia.js" "Mozilla/5.0 (Windows NT 10.0; Win64; x64) AppleWebKit/537.36 (KHTML, like Gecko) Chrome/66.0.3359.117 Safari/537.36"
[Sun May 27 2018 11:23:17 GMT+0800 (CST)] "GET /js/plugins/pace/pace.min.js" "Mozilla/5.0 (Windows NT 10.0; Win64; x64) AppleWebKit/537.36 (KHTML, like Gecko) Chrome/66.0.3359.117 Safari/537.36"
[Sun May 27 2018 11:23:17 GMT+0800 (CST)] "GET /js/plugins/jquery-ui/jquery-ui.min.js" "Mozilla/5.0 (Windows NT 10.0; Win64; x64) AppleWebKit/537.36 (KHTML, like Gecko) Chrome/66.0.3359.117 Safari/537.36"
[Sun May 27 2018 11:23:17 GMT+0800 (CST)] "GET /js/plugins/sparkline/jquery.sparkline.min.js" "Mozilla/5.0 (Windows NT 10.0; Win64; x64) AppleWebKit/537.36 (KHTML, like Gecko) Chrome/66.0.3359.117 Safari/537.36"
[Sun May 27 2018 11:23:17 GMT+0800 (CST)] "GET /js/demo/sparkline-demo.js" "Mozilla/5.0 (Windows NT 10.0; Win64; x64) AppleWebKit/537.36 (KHTML, like Gecko) Chrome/66.0.3359.117 Safari/537.36"
[Sun May 27 2018 11:23:17 GMT+0800 (CST)] "GET /js/plugins/gritter/jquery.gritter.min.js" "Mozilla/5.0 (Windows NT 10.0; Win64; x64) AppleWebKit/537.36 (KHTML, like Gecko) Chrome/66.0.3359.117 Safari/537.36"
[Sun May 27 2018 11:23:17 GMT+0800 (CST)] "GET /js/plugins/chartJs/Chart.min.js" "Mozilla/5.0 (Windows NT 10.0; Win64; x64) AppleWebKit/537.36 (KHTML, like Gecko) Chrome/66.0.3359.117 Safari/537.36"
[Sun May 27 2018 11:23:17 GMT+0800 (CST)] "GET /js/plugins/toastr/toastr.min.js" "Mozilla/5.0 (Windows NT 10.0; Win64; x64) AppleWebKit/537.36 (KHTML, like Gecko) Chrome/66.0.3359.117 Safari/537.36"
[Sun May 27 2018 11:23:17 GMT+0800 (CST)] "GET /img/a4.jpg" "Mozilla/5.0 (Windows NT 10.0; Win64; x64) AppleWebKit/537.36 (KHTML, like Gecko) Chrome/66.0.3359.117 Safari/537.36"
[Sun May 27 2018 11:23:17 GMT+0800 (CST)] "GET /img/profile_small.jpg" "Mozilla/5.0 (Windows NT 10.0; Win64; x64) AppleWebKit/537.36 (KHTML, like Gecko) Chrome/66.0.3359.117 Safari/537.36"
[Sun May 27 2018 11:23:17 GMT+0800 (CST)] "GET /img/a7.jpg" "Mozilla/5.0 (Windows NT 10.0; Win64; x64) AppleWebKit/537.36 (KHTML, like Gecko) Chrome/66.0.3359.117 Safari/537.36"
[Sun May 27 2018 11:23:17 GMT+0800 (CST)] "GET /img/profile.jpg" "Mozilla/5.0 (Windows NT 10.0; Win64; x64) AppleWebKit/537.36 (KHTML, like Gecko) Chrome/66.0.3359.117 Safari/537.36"
[Sun May 27 2018 11:23:17 GMT+0800 (CST)] "GET /img/a2.jpg" "Mozilla/5.0 (Windows NT 10.0; Win64; x64) AppleWebKit/537.36 (KHTML, like Gecko) Chrome/66.0.3359.117 Safari/537.36"
[Sun May 27 2018 11:23:17 GMT+0800 (CST)] "GET /img/a3.jpg" "Mozilla/5.0 (Windows NT 10.0; Win64; x64) AppleWebKit/537.36 (KHTML, like Gecko) Chrome/66.0.3359.117 Safari/537.36"
[Sun May 27 2018 11:23:17 GMT+0800 (CST)] "GET /img/a5.jpg" "Mozilla/5.0 (Windows NT 10.0; Win64; x64) AppleWebKit/537.36 (KHTML, like Gecko) Chrome/66.0.3359.117 Safari/537.36"
[Sun May 27 2018 11:23:17 GMT+0800 (CST)] "GET /img/a1.jpg" "Mozilla/5.0 (Windows NT 10.0; Win64; x64) AppleWebKit/537.36 (KHTML, like Gecko) Chrome/66.0.3359.117 Safari/537.36"
[Sun May 27 2018 11:23:17 GMT+0800 (CST)] "GET /css/patterns/header-profile.png" "Mozilla/5.0 (Windows NT 10.0; Win64; x64) AppleWebKit/537.36 (KHTML, like Gecko) Chrome/66.0.3359.117 Safari/537.36"
[Sun May 27 2018 11:23:17 GMT+0800 (CST)] "GET /img/a8.jpg" "Mozilla/5.0 (Windows NT 10.0; Win64; x64) AppleWebKit/537.36 (KHTML, like Gecko) Chrome/66.0.3359.117 Safari/537.36"
[Sun May 27 2018 11:23:17 GMT+0800 (CST)] "GET /font-awesome/fonts/fontawesome-webfont.woff2?v=4.7.0" "Mozilla/5.0 (Windows NT 10.0; Win64; x64) AppleWebKit/537.36 (KHTML, like Gecko) Chrome/66.0.3359.117 Safari/537.36"
[Sun May 27 2018 11:23:17 GMT+0800 (CST)] "GET /skin-config.html" "Mozilla/5.0 (Windows NT 10.0; Win64; x64) AppleWebKit/537.36 (KHTML, like Gecko) Chrome/66.0.3359.117 Safari/537.36"
[Sun May 27 2018 11:23:18 GMT+0800 (CST)] "GET /favicon.ico" "Mozilla/5.0 (Windows NT 10.0; Win64; x64) AppleWebKit/537.36 (KHTML, like Gecko) Chrome/66.0.3359.117 Safari/537.36"
[Sun May 27 2018 11:23:28 GMT+0800 (CST)] "GET /500.html" "Mozilla/5.0 (Windows NT 10.0; Win64; x64) AppleWebKit/537.36 (KHTML, like Gecko) Chrome/66.0.3359.117 Safari/537.36"
[Sun May 27 2018 11:23:52 GMT+0800 (CST)] "GET /landing.html" "Mozilla/5.0 (Windows NT 10.0; Win64; x64) AppleWebKit/537.36 (KHTML, like Gecko) Chrome/66.0.3359.117 Safari/537.36"
[Sun May 27 2018 11:23:52 GMT+0800 (CST)] "GET /font-awesome/css/font-awesome.min.css" "Mozilla/5.0 (Windows NT 10.0; Win64; x64) AppleWebKit/537.36 (KHTML, like Gecko) Chrome/66.0.3359.117 Safari/537.36"
[Sun May 27 2018 11:23:52 GMT+0800 (CST)] "GET /img/landing/laptop.png" "Mozilla/5.0 (Windows NT 10.0; Win64; x64) AppleWebKit/537.36 (KHTML, like Gecko) Chrome/66.0.3359.117 Safari/537.36"
[Sun May 27 2018 11:23:52 GMT+0800 (CST)] "GET /img/landing/perspective.png" "Mozilla/5.0 (Windows NT 10.0; Win64; x64) AppleWebKit/537.36 (KHTML, like Gecko) Chrome/66.0.3359.117 Safari/537.36"
[Sun May 27 2018 11:23:52 GMT+0800 (CST)] "GET /js/plugins/wow/wow.min.js" "Mozilla/5.0 (Windows NT 10.0; Win64; x64) AppleWebKit/537.36 (KHTML, like Gecko) Chrome/66.0.3359.117 Safari/537.36"
[Sun May 27 2018 11:23:52 GMT+0800 (CST)] "GET /img/landing/dashboard.png" "Mozilla/5.0 (Windows NT 10.0; Win64; x64) AppleWebKit/537.36 (KHTML, like Gecko) Chrome/66.0.3359.117 Safari/537.36"
[Sun May 27 2018 11:23:52 GMT+0800 (CST)] "GET /img/landing/avatar3.jpg" "Mozilla/5.0 (Windows NT 10.0; Win64; x64) AppleWebKit/537.36 (KHTML, like Gecko) Chrome/66.0.3359.117 Safari/537.36"
[Sun May 27 2018 11:23:52 GMT+0800 (CST)] "GET /img/landing/avatar1.jpg" "Mozilla/5.0 (Windows NT 10.0; Win64; x64) AppleWebKit/537.36 (KHTML, like Gecko) Chrome/66.0.3359.117 Safari/537.36"
[Sun May 27 2018 11:23:52 GMT+0800 (CST)] "GET /img/landing/avatar2.jpg" "Mozilla/5.0 (Windows NT 10.0; Win64; x64) AppleWebKit/537.36 (KHTML, like Gecko) Chrome/66.0.3359.117 Safari/537.36"
[Sun May 27 2018 11:23:52 GMT+0800 (CST)] "GET /img/landing/header_one.jpg" "Mozilla/5.0 (Windows NT 10.0; Win64; x64) AppleWebKit/537.36 (KHTML, like Gecko) Chrome/66.0.3359.117 Safari/537.36"
[Sun May 27 2018 11:23:52 GMT+0800 (CST)] "GET /img/landing/iphone.jpg" "Mozilla/5.0 (Windows NT 10.0; Win64; x64) AppleWebKit/537.36 (KHTML, like Gecko) Chrome/66.0.3359.117 Safari/537.36"
[Sun May 27 2018 11:23:52 GMT+0800 (CST)] "GET /img/landing/word_map.png" "Mozilla/5.0 (Windows NT 10.0; Win64; x64) AppleWebKit/537.36 (KHTML, like Gecko) Chrome/66.0.3359.117 Safari/537.36"
[Sun May 27 2018 11:23:53 GMT+0800 (CST)] "GET /img/landing/avatar_all.png" "Mozilla/5.0 (Windows NT 10.0; Win64; x64) AppleWebKit/537.36 (KHTML, like Gecko) Chrome/66.0.3359.117 Safari/537.36"
[Sun May 27 2018 11:23:56 GMT+0800 (CST)] "GET /fonts/glyphicons-halflings-regular.woff2" "Mozilla/5.0 (Windows NT 10.0; Win64; x64) AppleWebKit/537.36 (KHTML, like Gecko) Chrome/66.0.3359.117 Safari/537.36"
[Sun May 27 2018 11:24:01 GMT+0800 (CST)] "GET /index.html" "Mozilla/5.0 (Windows NT 10.0; Win64; x64) AppleWebKit/537.36 (KHTML, like Gecko) Chrome/66.0.3359.117 Safari/537.36"
[Sun May 27 2018 11:24:02 GMT+0800 (CST)] "GET /img/landing/perspective.png" "Mozilla/5.0 (Windows NT 10.0; Win64; x64) AppleWebKit/537.36 (KHTML, like Gecko) Chrome/66.0.3359.117 Safari/537.36"
[Sun May 27 2018 11:24:02 GMT+0800 (CST)] "GET /img/landing/perspective.png" "Mozilla/5.0 (Windows NT 10.0; Win64; x64) AppleWebKit/537.36 (KHTML, like Gecko) Chrome/66.0.3359.117 Safari/537.36"
[Sun May 27 2018 11:24:09 GMT+0800 (CST)] "GET /img/landing/header_two.jpg" "Mozilla/5.0 (Windows NT 10.0; Win64; x64) AppleWebKit/537.36 (KHTML, like Gecko) Chrome/66.0.3359.117 Safari/537.36"
[Sun May 27 2018 11:24:22 GMT+0800 (CST)] "GET /package.html" "Mozilla/5.0 (Windows NT 10.0; Win64; x64) AppleWebKit/537.36 (KHTML, like Gecko) Chrome/66.0.3359.117 Safari/537.36"
[Sun May 27 2018 11:24:23 GMT+0800 (CST)] "GET /img/angular_logo.png" "Mozilla/5.0 (Windows NT 10.0; Win64; x64) AppleWebKit/537.36 (KHTML, like Gecko) Chrome/66.0.3359.117 Safari/537.36"
[Sun May 27 2018 11:24:23 GMT+0800 (CST)] "GET /img/mvc_logo.png" "Mozilla/5.0 (Windows NT 10.0; Win64; x64) AppleWebKit/537.36 (KHTML, like Gecko) Chrome/66.0.3359.117 Safari/537.36"
[Sun May 27 2018 11:24:23 GMT+0800 (CST)] "GET /img/meteor_logo.png" "Mozilla/5.0 (Windows NT 10.0; Win64; x64) AppleWebKit/537.36 (KHTML, like Gecko) Chrome/66.0.3359.117 Safari/537.36"
[Sun May 27 2018 11:24:23 GMT+0800 (CST)] "GET /img/html_logo.png" "Mozilla/5.0 (Windows NT 10.0; Win64; x64) AppleWebKit/537.36 (KHTML, like Gecko) Chrome/66.0.3359.117 Safari/537.36"
[Sun May 27 2018 11:24:23 GMT+0800 (CST)] "GET /img/rails_logo.png" "Mozilla/5.0 (Windows NT 10.0; Win64; x64) AppleWebKit/537.36 (KHTML, like Gecko) Chrome/66.0.3359.117 Safari/537.36"
[Sun May 27 2018 11:24:29 GMT+0800 (CST)] "GET /layouts.html" "Mozilla/5.0 (Windows NT 10.0; Win64; x64) AppleWebKit/537.36 (KHTML, like Gecko) Chrome/66.0.3359.117 Safari/537.36"
[Sun May 27 2018 11:24:29 GMT+0800 (CST)] "GET /img/dashboard4_2.jpg" "Mozilla/5.0 (Windows NT 10.0; Win64; x64) AppleWebKit/537.36 (KHTML, like Gecko) Chrome/66.0.3359.117 Safari/537.36"
[Sun May 27 2018 11:24:29 GMT+0800 (CST)] "GET /img/off_canvas.jpg" "Mozilla/5.0 (Windows NT 10.0; Win64; x64) AppleWebKit/537.36 (KHTML, like Gecko) Chrome/66.0.3359.117 Safari/537.36"
[Sun May 27 2018 11:24:29 GMT+0800 (CST)] "GET /img/dashboard4_1.jpg" "Mozilla/5.0 (Windows NT 10.0; Win64; x64) AppleWebKit/537.36 (KHTML, like Gecko) Chrome/66.0.3359.117 Safari/537.36"
[Sun May 27 2018 11:24:29 GMT+0800 (CST)] "GET /img/full_height.jpg" "Mozilla/5.0 (Windows NT 10.0; Win64; x64) AppleWebKit/537.36 (KHTML, like Gecko) Chrome/66.0.3359.117 Safari/537.36"
[Sun May 27 2018 11:24:34 GMT+0800 (CST)] "GET /slick_carousel.html" "Mozilla/5.0 (Windows NT 10.0; Win64; x64) AppleWebKit/537.36 (KHTML, like Gecko) Chrome/66.0.3359.117 Safari/537.36"
[Sun May 27 2018 11:24:34 GMT+0800 (CST)] "GET /css/plugins/slick/slick.css" "Mozilla/5.0 (Windows NT 10.0; Win64; x64) AppleWebKit/537.36 (KHTML, like Gecko) Chrome/66.0.3359.117 Safari/537.36"
[Sun May 27 2018 11:24:34 GMT+0800 (CST)] "GET /css/plugins/slick/slick-theme.css" "Mozilla/5.0 (Windows NT 10.0; Win64; x64) AppleWebKit/537.36 (KHTML, like Gecko) Chrome/66.0.3359.117 Safari/537.36"
[Sun May 27 2018 11:24:34 GMT+0800 (CST)] "GET /js/plugins/slick/slick.min.js" "Mozilla/5.0 (Windows NT 10.0; Win64; x64) AppleWebKit/537.36 (KHTML, like Gecko) Chrome/66.0.3359.117 Safari/537.36"
[Sun May 27 2018 11:24:34 GMT+0800 (CST)] "GET /css/plugins/slick/ajax-loader.gif" "Mozilla/5.0 (Windows NT 10.0; Win64; x64) AppleWebKit/537.36 (KHTML, like Gecko) Chrome/66.0.3359.117 Safari/537.36"
[Sun May 27 2018 11:24:34 GMT+0800 (CST)] "GET /css/plugins/slick/fonts/slick.woff" "Mozilla/5.0 (Windows NT 10.0; Win64; x64) AppleWebKit/537.36 (KHTML, like Gecko) Chrome/66.0.3359.117 Safari/537.36"
[Sun May 27 2018 11:24:41 GMT+0800 (CST)] "GET /truncate.html" "Mozilla/5.0 (Windows NT 10.0; Win64; x64) AppleWebKit/537.36 (KHTML, like Gecko) Chrome/66.0.3359.117 Safari/537.36"
[Sun May 27 2018 11:24:41 GMT+0800 (CST)] "GET /css/plugins/ladda/ladda-themeless.min.css" "Mozilla/5.0 (Windows NT 10.0; Win64; x64) AppleWebKit/537.36 (KHTML, like Gecko) Chrome/66.0.3359.117 Safari/537.36"
[Sun May 27 2018 11:24:41 GMT+0800 (CST)] "GET /js/plugins/dotdotdot/jquery.dotdotdot.min.js" "Mozilla/5.0 (Windows NT 10.0; Win64; x64) AppleWebKit/537.36 (KHTML, like Gecko) Chrome/66.0.3359.117 Safari/537.36"
[Sun May 27 2018 11:24:55 GMT+0800 (CST)] "GET /lockscreen.html" "Mozilla/5.0 (Windows NT 10.0; Win64; x64) AppleWebKit/537.36 (KHTML, like Gecko) Chrome/66.0.3359.117 Safari/537.36"
[Sun May 27 2018 11:25:06 GMT+0800 (CST)] "GET /tinycon.html" "Mozilla/5.0 (Windows NT 10.0; Win64; x64) AppleWebKit/537.36 (KHTML, like Gecko) Chrome/66.0.3359.117 Safari/537.36"
[Sun May 27 2018 11:25:06 GMT+0800 (CST)] "GET /js/plugins/tinycon/tinycon.min.js" "Mozilla/5.0 (Windows NT 10.0; Win64; x64) AppleWebKit/537.36 (KHTML, like Gecko) Chrome/66.0.3359.117 Safari/537.36"
[Sun May 27 2018 11:51:51 GMT+0800 (CST)] "GET /" "Mozilla/5.0 (Windows NT 6.1; WOW64) AppleWebKit/537.36 (KHTML, like Gecko) Chrome/51.0.2704.103 Safari/537.36"
[Sun May 27 2018 11:58:57 GMT+0800 (CST)] "GET /" "Mozilla/5.0 (Windows NT 10.0; WOW64) AppleWebKit/537.36 (KHTML, like Gecko) Chrome/51.0.2704.103 Safari/537.36"
[Sun May 27 2018 12:06:54 GMT+0800 (CST)] "GET /" "Mozilla/5.0 (Macintosh; Intel Mac OS X 10_11_6) AppleWebKit/601.7.7 (KHTML, like Gecko) Version/9.1.2 Safari/601.7.7"
[Sun May 27 2018 12:11:07 GMT+0800 (CST)] "GET /typography.html" "Mozilla/5.0 (Windows NT 10.0; Win64; x64) AppleWebKit/537.36 (KHTML, like Gecko) Chrome/66.0.3359.117 Safari/537.36"
[Sun May 27 2018 12:11:18 GMT+0800 (CST)] "GET /css/bootstrap.min.css.map" "Mozilla/5.0 (Windows NT 10.0; Win64; x64) AppleWebKit/537.36 (KHTML, like Gecko) Chrome/66.0.3359.117 Safari/537.36"
[Sun May 27 2018 12:58:39 GMT+0800 (CST)] "GET /" "Mozilla/5.0 (Windows NT 6.1; WOW64) AppleWebKit/537.36 (KHTML, like Gecko) Chrome/52.0.2743.116 Safari/537.36"
[Sun May 27 2018 13:47:16 GMT+0800 (CST)] "GET /" "Mozilla/5.0 (Windows NT 10.0; WOW64) AppleWebKit/537.36 (KHTML, like Gecko) Chrome/51.0.2704.103 Safari/537.36"
[Sun May 27 2018 14:14:18 GMT+0800 (CST)] "GET /" "Mozilla/5.0 (Windows NT 10.0; WOW64) AppleWebKit/537.36 (KHTML, like Gecko) Chrome/51.0.2704.103 Safari/537.36"
[Sun May 27 2018 14:14:58 GMT+0800 (CST)] "GET /" "Mozilla/5.0 (Windows NT 6.1; WOW64) AppleWebKit/537.36 (KHTML, like Gecko) Chrome/52.0.2743.116 Safari/537.36"
[Sun May 27 2018 15:12:36 GMT+0800 (CST)] "GET /" "Mozilla/5.0 (Windows NT 6.1; WOW64) AppleWebKit/537.36 (KHTML, like Gecko) Chrome/52.0.2743.116 Safari/537.36"
Starting up http-server, serving ./
Available on:
  http://127.0.0.1:8080
  http://172.17.0.3:8080
Hit CTRL-C to stop the server
[Mon May 28 2018 21:31:48 GMT+0800 (CST)] "GET /" "Mozilla/5.0 (Windows NT 10.0; Win64; x64) AppleWebKit/537.36 (KHTML, like Gecko) Chrome/66.0.3359.117 Safari/537.36"
[Mon May 28 2018 21:31:48 GMT+0800 (CST)] "GET /css/bootstrap.min.css" "Mozilla/5.0 (Windows NT 10.0; Win64; x64) AppleWebKit/537.36 (KHTML, like Gecko) Chrome/66.0.3359.117 Safari/537.36"
[Mon May 28 2018 21:31:48 GMT+0800 (CST)] "GET /font-awesome/css/font-awesome.css" "Mozilla/5.0 (Windows NT 10.0; Win64; x64) AppleWebKit/537.36 (KHTML, like Gecko) Chrome/66.0.3359.117 Safari/537.36"
[Mon May 28 2018 21:31:48 GMT+0800 (CST)] "GET /js/plugins/gritter/jquery.gritter.css" "Mozilla/5.0 (Windows NT 10.0; Win64; x64) AppleWebKit/537.36 (KHTML, like Gecko) Chrome/66.0.3359.117 Safari/537.36"
[Mon May 28 2018 21:31:48 GMT+0800 (CST)] "GET /css/plugins/toastr/toastr.min.css" "Mozilla/5.0 (Windows NT 10.0; Win64; x64) AppleWebKit/537.36 (KHTML, like Gecko) Chrome/66.0.3359.117 Safari/537.36"
[Mon May 28 2018 21:31:48 GMT+0800 (CST)] "GET /css/animate.css" "Mozilla/5.0 (Windows NT 10.0; Win64; x64) AppleWebKit/537.36 (KHTML, like Gecko) Chrome/66.0.3359.117 Safari/537.36"
[Mon May 28 2018 21:31:48 GMT+0800 (CST)] "GET /css/style.css" "Mozilla/5.0 (Windows NT 10.0; Win64; x64) AppleWebKit/537.36 (KHTML, like Gecko) Chrome/66.0.3359.117 Safari/537.36"
[Mon May 28 2018 21:31:48 GMT+0800 (CST)] "GET /img/profile_small.jpg" "Mozilla/5.0 (Windows NT 10.0; Win64; x64) AppleWebKit/537.36 (KHTML, like Gecko) Chrome/66.0.3359.117 Safari/537.36"
[Mon May 28 2018 21:31:48 GMT+0800 (CST)] "GET /js/plugins/metisMenu/jquery.metisMenu.js" "Mozilla/5.0 (Windows NT 10.0; Win64; x64) AppleWebKit/537.36 (KHTML, like Gecko) Chrome/66.0.3359.117 Safari/537.36"
[Mon May 28 2018 21:31:48 GMT+0800 (CST)] "GET /js/jquery-3.1.1.min.js" "Mozilla/5.0 (Windows NT 10.0; Win64; x64) AppleWebKit/537.36 (KHTML, like Gecko) Chrome/66.0.3359.117 Safari/537.36"
[Mon May 28 2018 21:31:48 GMT+0800 (CST)] "GET /js/plugins/slimscroll/jquery.slimscroll.min.js" "Mozilla/5.0 (Windows NT 10.0; Win64; x64) AppleWebKit/537.36 (KHTML, like Gecko) Chrome/66.0.3359.117 Safari/537.36"
[Mon May 28 2018 21:31:48 GMT+0800 (CST)] "GET /js/bootstrap.min.js" "Mozilla/5.0 (Windows NT 10.0; Win64; x64) AppleWebKit/537.36 (KHTML, like Gecko) Chrome/66.0.3359.117 Safari/537.36"
[Mon May 28 2018 21:31:48 GMT+0800 (CST)] "GET /js/plugins/flot/jquery.flot.js" "Mozilla/5.0 (Windows NT 10.0; Win64; x64) AppleWebKit/537.36 (KHTML, like Gecko) Chrome/66.0.3359.117 Safari/537.36"
[Mon May 28 2018 21:31:48 GMT+0800 (CST)] "GET /js/plugins/flot/jquery.flot.tooltip.min.js" "Mozilla/5.0 (Windows NT 10.0; Win64; x64) AppleWebKit/537.36 (KHTML, like Gecko) Chrome/66.0.3359.117 Safari/537.36"
[Mon May 28 2018 21:31:48 GMT+0800 (CST)] "GET /js/plugins/flot/jquery.flot.spline.js" "Mozilla/5.0 (Windows NT 10.0; Win64; x64) AppleWebKit/537.36 (KHTML, like Gecko) Chrome/66.0.3359.117 Safari/537.36"
[Mon May 28 2018 21:31:48 GMT+0800 (CST)] "GET /js/plugins/flot/jquery.flot.resize.js" "Mozilla/5.0 (Windows NT 10.0; Win64; x64) AppleWebKit/537.36 (KHTML, like Gecko) Chrome/66.0.3359.117 Safari/537.36"
[Mon May 28 2018 21:31:48 GMT+0800 (CST)] "GET /js/plugins/peity/jquery.peity.min.js" "Mozilla/5.0 (Windows NT 10.0; Win64; x64) AppleWebKit/537.36 (KHTML, like Gecko) Chrome/66.0.3359.117 Safari/537.36"
[Mon May 28 2018 21:31:48 GMT+0800 (CST)] "GET /js/plugins/flot/jquery.flot.pie.js" "Mozilla/5.0 (Windows NT 10.0; Win64; x64) AppleWebKit/537.36 (KHTML, like Gecko) Chrome/66.0.3359.117 Safari/537.36"
[Mon May 28 2018 21:31:48 GMT+0800 (CST)] "GET /js/demo/peity-demo.js" "Mozilla/5.0 (Windows NT 10.0; Win64; x64) AppleWebKit/537.36 (KHTML, like Gecko) Chrome/66.0.3359.117 Safari/537.36"
[Mon May 28 2018 21:31:48 GMT+0800 (CST)] "GET /js/inspinia.js" "Mozilla/5.0 (Windows NT 10.0; Win64; x64) AppleWebKit/537.36 (KHTML, like Gecko) Chrome/66.0.3359.117 Safari/537.36"
[Mon May 28 2018 21:31:48 GMT+0800 (CST)] "GET /js/plugins/pace/pace.min.js" "Mozilla/5.0 (Windows NT 10.0; Win64; x64) AppleWebKit/537.36 (KHTML, like Gecko) Chrome/66.0.3359.117 Safari/537.36"
[Mon May 28 2018 21:31:48 GMT+0800 (CST)] "GET /js/plugins/jquery-ui/jquery-ui.min.js" "Mozilla/5.0 (Windows NT 10.0; Win64; x64) AppleWebKit/537.36 (KHTML, like Gecko) Chrome/66.0.3359.117 Safari/537.36"
[Mon May 28 2018 21:31:48 GMT+0800 (CST)] "GET /js/plugins/sparkline/jquery.sparkline.min.js" "Mozilla/5.0 (Windows NT 10.0; Win64; x64) AppleWebKit/537.36 (KHTML, like Gecko) Chrome/66.0.3359.117 Safari/537.36"
[Mon May 28 2018 21:31:48 GMT+0800 (CST)] "GET /js/plugins/gritter/jquery.gritter.min.js" "Mozilla/5.0 (Windows NT 10.0; Win64; x64) AppleWebKit/537.36 (KHTML, like Gecko) Chrome/66.0.3359.117 Safari/537.36"
[Mon May 28 2018 21:31:48 GMT+0800 (CST)] "GET /js/demo/sparkline-demo.js" "Mozilla/5.0 (Windows NT 10.0; Win64; x64) AppleWebKit/537.36 (KHTML, like Gecko) Chrome/66.0.3359.117 Safari/537.36"
[Mon May 28 2018 21:31:48 GMT+0800 (CST)] "GET /js/plugins/chartJs/Chart.min.js" "Mozilla/5.0 (Windows NT 10.0; Win64; x64) AppleWebKit/537.36 (KHTML, like Gecko) Chrome/66.0.3359.117 Safari/537.36"
[Mon May 28 2018 21:31:48 GMT+0800 (CST)] "GET /js/plugins/toastr/toastr.min.js" "Mozilla/5.0 (Windows NT 10.0; Win64; x64) AppleWebKit/537.36 (KHTML, like Gecko) Chrome/66.0.3359.117 Safari/537.36"
[Mon May 28 2018 21:31:48 GMT+0800 (CST)] "GET /img/a4.jpg" "Mozilla/5.0 (Windows NT 10.0; Win64; x64) AppleWebKit/537.36 (KHTML, like Gecko) Chrome/66.0.3359.117 Safari/537.36"
[Mon May 28 2018 21:31:48 GMT+0800 (CST)] "GET /img/a7.jpg" "Mozilla/5.0 (Windows NT 10.0; Win64; x64) AppleWebKit/537.36 (KHTML, like Gecko) Chrome/66.0.3359.117 Safari/537.36"
[Mon May 28 2018 21:31:48 GMT+0800 (CST)] "GET /img/profile.jpg" "Mozilla/5.0 (Windows NT 10.0; Win64; x64) AppleWebKit/537.36 (KHTML, like Gecko) Chrome/66.0.3359.117 Safari/537.36"
[Mon May 28 2018 21:31:48 GMT+0800 (CST)] "GET /img/a5.jpg" "Mozilla/5.0 (Windows NT 10.0; Win64; x64) AppleWebKit/537.36 (KHTML, like Gecko) Chrome/66.0.3359.117 Safari/537.36"
[Mon May 28 2018 21:31:48 GMT+0800 (CST)] "GET /img/a3.jpg" "Mozilla/5.0 (Windows NT 10.0; Win64; x64) AppleWebKit/537.36 (KHTML, like Gecko) Chrome/66.0.3359.117 Safari/537.36"
[Mon May 28 2018 21:31:48 GMT+0800 (CST)] "GET /img/a2.jpg" "Mozilla/5.0 (Windows NT 10.0; Win64; x64) AppleWebKit/537.36 (KHTML, like Gecko) Chrome/66.0.3359.117 Safari/537.36"
[Mon May 28 2018 21:31:48 GMT+0800 (CST)] "GET /img/a1.jpg" "Mozilla/5.0 (Windows NT 10.0; Win64; x64) AppleWebKit/537.36 (KHTML, like Gecko) Chrome/66.0.3359.117 Safari/537.36"
[Mon May 28 2018 21:31:48 GMT+0800 (CST)] "GET /img/a8.jpg" "Mozilla/5.0 (Windows NT 10.0; Win64; x64) AppleWebKit/537.36 (KHTML, like Gecko) Chrome/66.0.3359.117 Safari/537.36"
[Mon May 28 2018 21:31:49 GMT+0800 (CST)] "GET /css/patterns/header-profile.png" "Mozilla/5.0 (Windows NT 10.0; Win64; x64) AppleWebKit/537.36 (KHTML, like Gecko) Chrome/66.0.3359.117 Safari/537.36"
[Mon May 28 2018 21:31:49 GMT+0800 (CST)] "GET /font-awesome/fonts/fontawesome-webfont.woff2?v=4.7.0" "Mozilla/5.0 (Windows NT 10.0; Win64; x64) AppleWebKit/537.36 (KHTML, like Gecko) Chrome/66.0.3359.117 Safari/537.36"
[Mon May 28 2018 21:31:49 GMT+0800 (CST)] "GET /skin-config.html" "Mozilla/5.0 (Windows NT 10.0; Win64; x64) AppleWebKit/537.36 (KHTML, like Gecko) Chrome/66.0.3359.117 Safari/537.36"
[Mon May 28 2018 21:48:19 GMT+0800 (CST)] "GET /project_detail.html" "Mozilla/5.0 (Windows NT 10.0; Win64; x64) AppleWebKit/537.36 (KHTML, like Gecko) Chrome/66.0.3359.117 Safari/537.36"
[Mon May 28 2018 21:48:20 GMT+0800 (CST)] "GET /img/zender_logo.png" "Mozilla/5.0 (Windows NT 10.0; Win64; x64) AppleWebKit/537.36 (KHTML, like Gecko) Chrome/66.0.3359.117 Safari/537.36"
[Mon May 28 2018 21:48:40 GMT+0800 (CST)] "GET /buttons.html" "Mozilla/5.0 (Windows NT 10.0; Win64; x64) AppleWebKit/537.36 (KHTML, like Gecko) Chrome/66.0.3359.117 Safari/537.36"
[Mon May 28 2018 21:55:55 GMT+0800 (CST)] "GET /" "Mozilla/5.0 (Macintosh; Intel Mac OS X 10_11_6) AppleWebKit/601.7.7 (KHTML, like Gecko) Version/9.1.2 Safari/601.7.7"
[Mon May 28 2018 21:55:56 GMT+0800 (CST)] "GET /" "Mozilla/5.0 (Windows NT 10.0; WOW64) AppleWebKit/537.36 (KHTML, like Gecko) Chrome/51.0.2704.103 Safari/537.36"
[Mon May 28 2018 21:58:57 GMT+0800 (CST)] "GET /css/bootstrap.min.css.map" "Mozilla/5.0 (Windows NT 10.0; Win64; x64) AppleWebKit/537.36 (KHTML, like Gecko) Chrome/66.0.3359.117 Safari/537.36"
[Mon May 28 2018 22:01:19 GMT+0800 (CST)] "GET /index.html" "Mozilla/5.0 (Windows NT 10.0; Win64; x64) AppleWebKit/537.36 (KHTML, like Gecko) Chrome/66.0.3359.117 Safari/537.36"
[Mon May 28 2018 22:01:20 GMT+0800 (CST)] "GET /css/bootstrap.min.css" "Mozilla/5.0 (Windows NT 10.0; Win64; x64) AppleWebKit/537.36 (KHTML, like Gecko) Chrome/66.0.3359.117 Safari/537.36"
[Mon May 28 2018 22:01:20 GMT+0800 (CST)] "GET /font-awesome/css/font-awesome.css" "Mozilla/5.0 (Windows NT 10.0; Win64; x64) AppleWebKit/537.36 (KHTML, like Gecko) Chrome/66.0.3359.117 Safari/537.36"
[Mon May 28 2018 22:01:20 GMT+0800 (CST)] "GET /css/plugins/toastr/toastr.min.css" "Mozilla/5.0 (Windows NT 10.0; Win64; x64) AppleWebKit/537.36 (KHTML, like Gecko) Chrome/66.0.3359.117 Safari/537.36"
[Mon May 28 2018 22:01:20 GMT+0800 (CST)] "GET /js/plugins/gritter/jquery.gritter.css" "Mozilla/5.0 (Windows NT 10.0; Win64; x64) AppleWebKit/537.36 (KHTML, like Gecko) Chrome/66.0.3359.117 Safari/537.36"
[Mon May 28 2018 22:01:20 GMT+0800 (CST)] "GET /css/style.css" "Mozilla/5.0 (Windows NT 10.0; Win64; x64) AppleWebKit/537.36 (KHTML, like Gecko) Chrome/66.0.3359.117 Safari/537.36"
[Mon May 28 2018 22:01:20 GMT+0800 (CST)] "GET /css/animate.css" "Mozilla/5.0 (Windows NT 10.0; Win64; x64) AppleWebKit/537.36 (KHTML, like Gecko) Chrome/66.0.3359.117 Safari/537.36"
[Mon May 28 2018 22:01:20 GMT+0800 (CST)] "GET /js/jquery-3.1.1.min.js" "Mozilla/5.0 (Windows NT 10.0; Win64; x64) AppleWebKit/537.36 (KHTML, like Gecko) Chrome/66.0.3359.117 Safari/537.36"
[Mon May 28 2018 22:01:23 GMT+0800 (CST)] "GET /js/bootstrap.min.js" "Mozilla/5.0 (Windows NT 10.0; Win64; x64) AppleWebKit/537.36 (KHTML, like Gecko) Chrome/66.0.3359.117 Safari/537.36"
[Mon May 28 2018 22:01:23 GMT+0800 (CST)] "GET /js/plugins/metisMenu/jquery.metisMenu.js" "Mozilla/5.0 (Windows NT 10.0; Win64; x64) AppleWebKit/537.36 (KHTML, like Gecko) Chrome/66.0.3359.117 Safari/537.36"
[Mon May 28 2018 22:01:23 GMT+0800 (CST)] "GET /js/plugins/slimscroll/jquery.slimscroll.min.js" "Mozilla/5.0 (Windows NT 10.0; Win64; x64) AppleWebKit/537.36 (KHTML, like Gecko) Chrome/66.0.3359.117 Safari/537.36"
[Mon May 28 2018 22:01:23 GMT+0800 (CST)] "GET /js/plugins/flot/jquery.flot.js" "Mozilla/5.0 (Windows NT 10.0; Win64; x64) AppleWebKit/537.36 (KHTML, like Gecko) Chrome/66.0.3359.117 Safari/537.36"
[Mon May 28 2018 22:01:24 GMT+0800 (CST)] "GET /js/plugins/flot/jquery.flot.spline.js" "Mozilla/5.0 (Windows NT 10.0; Win64; x64) AppleWebKit/537.36 (KHTML, like Gecko) Chrome/66.0.3359.117 Safari/537.36"
[Mon May 28 2018 22:01:24 GMT+0800 (CST)] "GET /js/plugins/flot/jquery.flot.resize.js" "Mozilla/5.0 (Windows NT 10.0; Win64; x64) AppleWebKit/537.36 (KHTML, like Gecko) Chrome/66.0.3359.117 Safari/537.36"
[Mon May 28 2018 22:01:24 GMT+0800 (CST)] "GET /js/plugins/flot/jquery.flot.tooltip.min.js" "Mozilla/5.0 (Windows NT 10.0; Win64; x64) AppleWebKit/537.36 (KHTML, like Gecko) Chrome/66.0.3359.117 Safari/537.36"
[Mon May 28 2018 22:01:24 GMT+0800 (CST)] "GET /js/plugins/flot/jquery.flot.pie.js" "Mozilla/5.0 (Windows NT 10.0; Win64; x64) AppleWebKit/537.36 (KHTML, like Gecko) Chrome/66.0.3359.117 Safari/537.36"
[Mon May 28 2018 22:01:24 GMT+0800 (CST)] "GET /js/plugins/peity/jquery.peity.min.js" "Mozilla/5.0 (Windows NT 10.0; Win64; x64) AppleWebKit/537.36 (KHTML, like Gecko) Chrome/66.0.3359.117 Safari/537.36"
[Mon May 28 2018 22:01:24 GMT+0800 (CST)] "GET /js/demo/peity-demo.js" "Mozilla/5.0 (Windows NT 10.0; Win64; x64) AppleWebKit/537.36 (KHTML, like Gecko) Chrome/66.0.3359.117 Safari/537.36"
[Mon May 28 2018 22:01:24 GMT+0800 (CST)] "GET /js/inspinia.js" "Mozilla/5.0 (Windows NT 10.0; Win64; x64) AppleWebKit/537.36 (KHTML, like Gecko) Chrome/66.0.3359.117 Safari/537.36"
[Mon May 28 2018 22:01:24 GMT+0800 (CST)] "GET /js/plugins/pace/pace.min.js" "Mozilla/5.0 (Windows NT 10.0; Win64; x64) AppleWebKit/537.36 (KHTML, like Gecko) Chrome/66.0.3359.117 Safari/537.36"
[Mon May 28 2018 22:01:24 GMT+0800 (CST)] "GET /js/plugins/jquery-ui/jquery-ui.min.js" "Mozilla/5.0 (Windows NT 10.0; Win64; x64) AppleWebKit/537.36 (KHTML, like Gecko) Chrome/66.0.3359.117 Safari/537.36"
[Mon May 28 2018 22:01:24 GMT+0800 (CST)] "GET /img/profile_small.jpg" "Mozilla/5.0 (Windows NT 10.0; Win64; x64) AppleWebKit/537.36 (KHTML, like Gecko) Chrome/66.0.3359.117 Safari/537.36"
[Mon May 28 2018 22:01:25 GMT+0800 (CST)] "GET /css/patterns/header-profile.png" "Mozilla/5.0 (Windows NT 10.0; Win64; x64) AppleWebKit/537.36 (KHTML, like Gecko) Chrome/66.0.3359.117 Safari/537.36"
[Mon May 28 2018 22:01:25 GMT+0800 (CST)] "GET /css/bootstrap.min.css.map" "Mozilla/5.0 (Windows NT 10.0; Win64; x64) AppleWebKit/537.36 (KHTML, like Gecko) Chrome/66.0.3359.117 Safari/537.36"
[Mon May 28 2018 22:01:25 GMT+0800 (CST)] "GET /js/plugins/gritter/jquery.gritter.min.js" "Mozilla/5.0 (Windows NT 10.0; Win64; x64) AppleWebKit/537.36 (KHTML, like Gecko) Chrome/66.0.3359.117 Safari/537.36"
[Mon May 28 2018 22:01:25 GMT+0800 (CST)] "GET /js/plugins/sparkline/jquery.sparkline.min.js" "Mozilla/5.0 (Windows NT 10.0; Win64; x64) AppleWebKit/537.36 (KHTML, like Gecko) Chrome/66.0.3359.117 Safari/537.36"
[Mon May 28 2018 22:01:25 GMT+0800 (CST)] "GET /js/demo/sparkline-demo.js" "Mozilla/5.0 (Windows NT 10.0; Win64; x64) AppleWebKit/537.36 (KHTML, like Gecko) Chrome/66.0.3359.117 Safari/537.36"
[Mon May 28 2018 22:01:25 GMT+0800 (CST)] "GET /js/plugins/chartJs/Chart.min.js" "Mozilla/5.0 (Windows NT 10.0; Win64; x64) AppleWebKit/537.36 (KHTML, like Gecko) Chrome/66.0.3359.117 Safari/537.36"
[Mon May 28 2018 22:01:25 GMT+0800 (CST)] "GET /js/plugins/toastr/toastr.min.js" "Mozilla/5.0 (Windows NT 10.0; Win64; x64) AppleWebKit/537.36 (KHTML, like Gecko) Chrome/66.0.3359.117 Safari/537.36"
[Mon May 28 2018 22:01:25 GMT+0800 (CST)] "GET /img/a7.jpg" "Mozilla/5.0 (Windows NT 10.0; Win64; x64) AppleWebKit/537.36 (KHTML, like Gecko) Chrome/66.0.3359.117 Safari/537.36"
[Mon May 28 2018 22:01:26 GMT+0800 (CST)] "GET /img/a4.jpg" "Mozilla/5.0 (Windows NT 10.0; Win64; x64) AppleWebKit/537.36 (KHTML, like Gecko) Chrome/66.0.3359.117 Safari/537.36"
[Mon May 28 2018 22:01:26 GMT+0800 (CST)] "GET /img/profile.jpg" "Mozilla/5.0 (Windows NT 10.0; Win64; x64) AppleWebKit/537.36 (KHTML, like Gecko) Chrome/66.0.3359.117 Safari/537.36"
[Mon May 28 2018 22:01:26 GMT+0800 (CST)] "GET /img/a2.jpg" "Mozilla/5.0 (Windows NT 10.0; Win64; x64) AppleWebKit/537.36 (KHTML, like Gecko) Chrome/66.0.3359.117 Safari/537.36"
[Mon May 28 2018 22:01:26 GMT+0800 (CST)] "GET /img/a3.jpg" "Mozilla/5.0 (Windows NT 10.0; Win64; x64) AppleWebKit/537.36 (KHTML, like Gecko) Chrome/66.0.3359.117 Safari/537.36"
[Mon May 28 2018 22:01:26 GMT+0800 (CST)] "GET /img/a5.jpg" "Mozilla/5.0 (Windows NT 10.0; Win64; x64) AppleWebKit/537.36 (KHTML, like Gecko) Chrome/66.0.3359.117 Safari/537.36"
[Mon May 28 2018 22:01:27 GMT+0800 (CST)] "GET /img/a1.jpg" "Mozilla/5.0 (Windows NT 10.0; Win64; x64) AppleWebKit/537.36 (KHTML, like Gecko) Chrome/66.0.3359.117 Safari/537.36"
[Mon May 28 2018 22:01:27 GMT+0800 (CST)] "GET /img/a8.jpg" "Mozilla/5.0 (Windows NT 10.0; Win64; x64) AppleWebKit/537.36 (KHTML, like Gecko) Chrome/66.0.3359.117 Safari/537.36"
[Mon May 28 2018 22:01:27 GMT+0800 (CST)] "GET /font-awesome/fonts/fontawesome-webfont.woff2?v=4.7.0" "Mozilla/5.0 (Windows NT 10.0; Win64; x64) AppleWebKit/537.36 (KHTML, like Gecko) Chrome/66.0.3359.117 Safari/537.36"
[Mon May 28 2018 22:01:30 GMT+0800 (CST)] "GET /toastr.js.map" "Mozilla/5.0 (Windows NT 10.0; Win64; x64) AppleWebKit/537.36 (KHTML, like Gecko) Chrome/66.0.3359.117 Safari/537.36"
[Mon May 28 2018 22:01:30 GMT+0800 (CST)] "GET /skin-config.html" "Mozilla/5.0 (Windows NT 10.0; Win64; x64) AppleWebKit/537.36 (KHTML, like Gecko) Chrome/66.0.3359.117 Safari/537.36"
[Mon May 28 2018 22:01:31 GMT+0800 (CST)] "GET /dashboard_2.html" "Mozilla/5.0 (Windows NT 10.0; Win64; x64) AppleWebKit/537.36 (KHTML, like Gecko) Chrome/66.0.3359.117 Safari/537.36"
[Mon May 28 2018 22:01:32 GMT+0800 (CST)] "GET /css/animate.css" "Mozilla/5.0 (Windows NT 10.0; Win64; x64) AppleWebKit/537.36 (KHTML, like Gecko) Chrome/66.0.3359.117 Safari/537.36"
[Mon May 28 2018 22:01:32 GMT+0800 (CST)] "GET /css/style.css" "Mozilla/5.0 (Windows NT 10.0; Win64; x64) AppleWebKit/537.36 (KHTML, like Gecko) Chrome/66.0.3359.117 Safari/537.36"
[Mon May 28 2018 22:01:32 GMT+0800 (CST)] "GET /font-awesome/css/font-awesome.css" "Mozilla/5.0 (Windows NT 10.0; Win64; x64) AppleWebKit/537.36 (KHTML, like Gecko) Chrome/66.0.3359.117 Safari/537.36"
[Mon May 28 2018 22:01:32 GMT+0800 (CST)] "GET /css/bootstrap.min.css" "Mozilla/5.0 (Windows NT 10.0; Win64; x64) AppleWebKit/537.36 (KHTML, like Gecko) Chrome/66.0.3359.117 Safari/537.36"
[Mon May 28 2018 22:01:33 GMT+0800 (CST)] "GET /img/profile_small.jpg" "Mozilla/5.0 (Windows NT 10.0; Win64; x64) AppleWebKit/537.36 (KHTML, like Gecko) Chrome/66.0.3359.117 Safari/537.36"
[Mon May 28 2018 22:01:33 GMT+0800 (CST)] "GET /img/a7.jpg" "Mozilla/5.0 (Windows NT 10.0; Win64; x64) AppleWebKit/537.36 (KHTML, like Gecko) Chrome/66.0.3359.117 Safari/537.36"
[Mon May 28 2018 22:01:34 GMT+0800 (CST)] "GET /img/a4.jpg" "Mozilla/5.0 (Windows NT 10.0; Win64; x64) AppleWebKit/537.36 (KHTML, like Gecko) Chrome/66.0.3359.117 Safari/537.36"
[Mon May 28 2018 22:01:34 GMT+0800 (CST)] "GET /img/profile.jpg" "Mozilla/5.0 (Windows NT 10.0; Win64; x64) AppleWebKit/537.36 (KHTML, like Gecko) Chrome/66.0.3359.117 Safari/537.36"
[Mon May 28 2018 22:01:35 GMT+0800 (CST)] "GET /css/patterns/header-profile.png" "Mozilla/5.0 (Windows NT 10.0; Win64; x64) AppleWebKit/537.36 (KHTML, like Gecko) Chrome/66.0.3359.117 Safari/537.36"
[Mon May 28 2018 22:01:35 GMT+0800 (CST)] "GET /font-awesome/fonts/fontawesome-webfont.woff2?v=4.7.0" "Mozilla/5.0 (Windows NT 10.0; Win64; x64) AppleWebKit/537.36 (KHTML, like Gecko) Chrome/66.0.3359.117 Safari/537.36"
[Mon May 28 2018 22:01:35 GMT+0800 (CST)] "GET /css/bootstrap.min.css.map" "Mozilla/5.0 (Windows NT 10.0; Win64; x64) AppleWebKit/537.36 (KHTML, like Gecko) Chrome/66.0.3359.117 Safari/537.36"
[Mon May 28 2018 22:01:36 GMT+0800 (CST)] "GET /img/a2.jpg" "Mozilla/5.0 (Windows NT 10.0; Win64; x64) AppleWebKit/537.36 (KHTML, like Gecko) Chrome/66.0.3359.117 Safari/537.36"
[Mon May 28 2018 22:01:36 GMT+0800 (CST)] "GET /img/a3.jpg" "Mozilla/5.0 (Windows NT 10.0; Win64; x64) AppleWebKit/537.36 (KHTML, like Gecko) Chrome/66.0.3359.117 Safari/537.36"
[Mon May 28 2018 22:01:36 GMT+0800 (CST)] "GET /img/a1.jpg" "Mozilla/5.0 (Windows NT 10.0; Win64; x64) AppleWebKit/537.36 (KHTML, like Gecko) Chrome/66.0.3359.117 Safari/537.36"
[Mon May 28 2018 22:01:36 GMT+0800 (CST)] "GET /img/a8.jpg" "Mozilla/5.0 (Windows NT 10.0; Win64; x64) AppleWebKit/537.36 (KHTML, like Gecko) Chrome/66.0.3359.117 Safari/537.36"
[Mon May 28 2018 22:01:36 GMT+0800 (CST)] "GET /js/jquery-3.1.1.min.js" "Mozilla/5.0 (Windows NT 10.0; Win64; x64) AppleWebKit/537.36 (KHTML, like Gecko) Chrome/66.0.3359.117 Safari/537.36"
[Mon May 28 2018 22:01:36 GMT+0800 (CST)] "GET /js/bootstrap.min.js" "Mozilla/5.0 (Windows NT 10.0; Win64; x64) AppleWebKit/537.36 (KHTML, like Gecko) Chrome/66.0.3359.117 Safari/537.36"
[Mon May 28 2018 22:01:36 GMT+0800 (CST)] "GET /js/plugins/slimscroll/jquery.slimscroll.min.js" "Mozilla/5.0 (Windows NT 10.0; Win64; x64) AppleWebKit/537.36 (KHTML, like Gecko) Chrome/66.0.3359.117 Safari/537.36"
[Mon May 28 2018 22:01:36 GMT+0800 (CST)] "GET /js/plugins/flot/jquery.flot.js" "Mozilla/5.0 (Windows NT 10.0; Win64; x64) AppleWebKit/537.36 (KHTML, like Gecko) Chrome/66.0.3359.117 Safari/537.36"
[Mon May 28 2018 22:01:36 GMT+0800 (CST)] "GET /js/plugins/flot/jquery.flot.tooltip.min.js" "Mozilla/5.0 (Windows NT 10.0; Win64; x64) AppleWebKit/537.36 (KHTML, like Gecko) Chrome/66.0.3359.117 Safari/537.36"
[Mon May 28 2018 22:01:36 GMT+0800 (CST)] "GET /js/plugins/metisMenu/jquery.metisMenu.js" "Mozilla/5.0 (Windows NT 10.0; Win64; x64) AppleWebKit/537.36 (KHTML, like Gecko) Chrome/66.0.3359.117 Safari/537.36"
[Mon May 28 2018 22:01:36 GMT+0800 (CST)] "GET /js/plugins/flot/jquery.flot.spline.js" "Mozilla/5.0 (Windows NT 10.0; Win64; x64) AppleWebKit/537.36 (KHTML, like Gecko) Chrome/66.0.3359.117 Safari/537.36"
[Mon May 28 2018 22:01:36 GMT+0800 (CST)] "GET /js/plugins/flot/jquery.flot.resize.js" "Mozilla/5.0 (Windows NT 10.0; Win64; x64) AppleWebKit/537.36 (KHTML, like Gecko) Chrome/66.0.3359.117 Safari/537.36"
[Mon May 28 2018 22:01:36 GMT+0800 (CST)] "GET /js/plugins/flot/jquery.flot.pie.js" "Mozilla/5.0 (Windows NT 10.0; Win64; x64) AppleWebKit/537.36 (KHTML, like Gecko) Chrome/66.0.3359.117 Safari/537.36"
[Mon May 28 2018 22:01:37 GMT+0800 (CST)] "GET /js/plugins/flot/jquery.flot.symbol.js" "Mozilla/5.0 (Windows NT 10.0; Win64; x64) AppleWebKit/537.36 (KHTML, like Gecko) Chrome/66.0.3359.117 Safari/537.36"
[Mon May 28 2018 22:01:37 GMT+0800 (CST)] "GET /js/plugins/flot/jquery.flot.time.js" "Mozilla/5.0 (Windows NT 10.0; Win64; x64) AppleWebKit/537.36 (KHTML, like Gecko) Chrome/66.0.3359.117 Safari/537.36"
[Mon May 28 2018 22:01:37 GMT+0800 (CST)] "GET /js/plugins/peity/jquery.peity.min.js" "Mozilla/5.0 (Windows NT 10.0; Win64; x64) AppleWebKit/537.36 (KHTML, like Gecko) Chrome/66.0.3359.117 Safari/537.36"
[Mon May 28 2018 22:01:37 GMT+0800 (CST)] "GET /js/demo/peity-demo.js" "Mozilla/5.0 (Windows NT 10.0; Win64; x64) AppleWebKit/537.36 (KHTML, like Gecko) Chrome/66.0.3359.117 Safari/537.36"
[Mon May 28 2018 22:01:37 GMT+0800 (CST)] "GET /js/inspinia.js" "Mozilla/5.0 (Windows NT 10.0; Win64; x64) AppleWebKit/537.36 (KHTML, like Gecko) Chrome/66.0.3359.117 Safari/537.36"
[Mon May 28 2018 22:01:37 GMT+0800 (CST)] "GET /js/plugins/pace/pace.min.js" "Mozilla/5.0 (Windows NT 10.0; Win64; x64) AppleWebKit/537.36 (KHTML, like Gecko) Chrome/66.0.3359.117 Safari/537.36"
[Mon May 28 2018 22:01:37 GMT+0800 (CST)] "GET /js/plugins/jquery-ui/jquery-ui.min.js" "Mozilla/5.0 (Windows NT 10.0; Win64; x64) AppleWebKit/537.36 (KHTML, like Gecko) Chrome/66.0.3359.117 Safari/537.36"
[Mon May 28 2018 22:01:37 GMT+0800 (CST)] "GET /js/plugins/jvectormap/jquery-jvectormap-2.0.2.min.js" "Mozilla/5.0 (Windows NT 10.0; Win64; x64) AppleWebKit/537.36 (KHTML, like Gecko) Chrome/66.0.3359.117 Safari/537.36"
[Mon May 28 2018 22:01:38 GMT+0800 (CST)] "GET /js/plugins/jvectormap/jquery-jvectormap-world-mill-en.js" "Mozilla/5.0 (Windows NT 10.0; Win64; x64) AppleWebKit/537.36 (KHTML, like Gecko) Chrome/66.0.3359.117 Safari/537.36"
[Mon May 28 2018 22:01:38 GMT+0800 (CST)] "GET /js/plugins/easypiechart/jquery.easypiechart.js" "Mozilla/5.0 (Windows NT 10.0; Win64; x64) AppleWebKit/537.36 (KHTML, like Gecko) Chrome/66.0.3359.117 Safari/537.36"
[Mon May 28 2018 22:01:38 GMT+0800 (CST)] "GET /js/plugins/sparkline/jquery.sparkline.min.js" "Mozilla/5.0 (Windows NT 10.0; Win64; x64) AppleWebKit/537.36 (KHTML, like Gecko) Chrome/66.0.3359.117 Safari/537.36"
[Mon May 28 2018 22:01:40 GMT+0800 (CST)] "GET /js/demo/sparkline-demo.js" "Mozilla/5.0 (Windows NT 10.0; Win64; x64) AppleWebKit/537.36 (KHTML, like Gecko) Chrome/66.0.3359.117 Safari/537.36"
[Mon May 28 2018 22:01:41 GMT+0800 (CST)] "GET /dashboard_5.html" "Mozilla/5.0 (Windows NT 10.0; Win64; x64) AppleWebKit/537.36 (KHTML, like Gecko) Chrome/66.0.3359.117 Safari/537.36"
[Mon May 28 2018 22:01:41 GMT+0800 (CST)] "GET /css/bootstrap.min.css" "Mozilla/5.0 (Windows NT 10.0; Win64; x64) AppleWebKit/537.36 (KHTML, like Gecko) Chrome/66.0.3359.117 Safari/537.36"
[Mon May 28 2018 22:01:41 GMT+0800 (CST)] "GET /font-awesome/css/font-awesome.css" "Mozilla/5.0 (Windows NT 10.0; Win64; x64) AppleWebKit/537.36 (KHTML, like Gecko) Chrome/66.0.3359.117 Safari/537.36"
[Mon May 28 2018 22:01:41 GMT+0800 (CST)] "GET /css/animate.css" "Mozilla/5.0 (Windows NT 10.0; Win64; x64) AppleWebKit/537.36 (KHTML, like Gecko) Chrome/66.0.3359.117 Safari/537.36"
[Mon May 28 2018 22:01:41 GMT+0800 (CST)] "GET /css/style.css" "Mozilla/5.0 (Windows NT 10.0; Win64; x64) AppleWebKit/537.36 (KHTML, like Gecko) Chrome/66.0.3359.117 Safari/537.36"
[Mon May 28 2018 22:01:44 GMT+0800 (CST)] "GET /js/jquery-3.1.1.min.js" "Mozilla/5.0 (Windows NT 10.0; Win64; x64) AppleWebKit/537.36 (KHTML, like Gecko) Chrome/66.0.3359.117 Safari/537.36"
[Mon May 28 2018 22:01:45 GMT+0800 (CST)] "GET /js/bootstrap.min.js" "Mozilla/5.0 (Windows NT 10.0; Win64; x64) AppleWebKit/537.36 (KHTML, like Gecko) Chrome/66.0.3359.117 Safari/537.36"
[Mon May 28 2018 22:01:46 GMT+0800 (CST)] "GET /js/plugins/metisMenu/jquery.metisMenu.js" "Mozilla/5.0 (Windows NT 10.0; Win64; x64) AppleWebKit/537.36 (KHTML, like Gecko) Chrome/66.0.3359.117 Safari/537.36"
[Mon May 28 2018 22:01:46 GMT+0800 (CST)] "GET /js/plugins/slimscroll/jquery.slimscroll.min.js" "Mozilla/5.0 (Windows NT 10.0; Win64; x64) AppleWebKit/537.36 (KHTML, like Gecko) Chrome/66.0.3359.117 Safari/537.36"
[Mon May 28 2018 22:01:46 GMT+0800 (CST)] "GET /js/plugins/flot/jquery.flot.js" "Mozilla/5.0 (Windows NT 10.0; Win64; x64) AppleWebKit/537.36 (KHTML, like Gecko) Chrome/66.0.3359.117 Safari/537.36"
[Mon May 28 2018 22:01:46 GMT+0800 (CST)] "GET /js/plugins/flot/jquery.flot.spline.js" "Mozilla/5.0 (Windows NT 10.0; Win64; x64) AppleWebKit/537.36 (KHTML, like Gecko) Chrome/66.0.3359.117 Safari/537.36"
[Mon May 28 2018 22:01:46 GMT+0800 (CST)] "GET /js/plugins/flot/jquery.flot.tooltip.min.js" "Mozilla/5.0 (Windows NT 10.0; Win64; x64) AppleWebKit/537.36 (KHTML, like Gecko) Chrome/66.0.3359.117 Safari/537.36"
[Mon May 28 2018 22:01:46 GMT+0800 (CST)] "GET /js/plugins/flot/jquery.flot.pie.js" "Mozilla/5.0 (Windows NT 10.0; Win64; x64) AppleWebKit/537.36 (KHTML, like Gecko) Chrome/66.0.3359.117 Safari/537.36"
[Mon May 28 2018 22:01:46 GMT+0800 (CST)] "GET /js/plugins/flot/jquery.flot.resize.js" "Mozilla/5.0 (Windows NT 10.0; Win64; x64) AppleWebKit/537.36 (KHTML, like Gecko) Chrome/66.0.3359.117 Safari/537.36"
[Mon May 28 2018 22:01:46 GMT+0800 (CST)] "GET /js/plugins/flot/jquery.flot.symbol.js" "Mozilla/5.0 (Windows NT 10.0; Win64; x64) AppleWebKit/537.36 (KHTML, like Gecko) Chrome/66.0.3359.117 Safari/537.36"
[Mon May 28 2018 22:01:47 GMT+0800 (CST)] "GET /js/plugins/flot/jquery.flot.time.js" "Mozilla/5.0 (Windows NT 10.0; Win64; x64) AppleWebKit/537.36 (KHTML, like Gecko) Chrome/66.0.3359.117 Safari/537.36"
[Mon May 28 2018 22:01:47 GMT+0800 (CST)] "GET /font-awesome/fonts/fontawesome-webfont.woff2?v=4.7.0" "Mozilla/5.0 (Windows NT 10.0; Win64; x64) AppleWebKit/537.36 (KHTML, like Gecko) Chrome/66.0.3359.117 Safari/537.36"
[Mon May 28 2018 22:01:47 GMT+0800 (CST)] "GET /js/inspinia.js" "Mozilla/5.0 (Windows NT 10.0; Win64; x64) AppleWebKit/537.36 (KHTML, like Gecko) Chrome/66.0.3359.117 Safari/537.36"
[Mon May 28 2018 22:01:47 GMT+0800 (CST)] "GET /css/patterns/header-profile.png" "Mozilla/5.0 (Windows NT 10.0; Win64; x64) AppleWebKit/537.36 (KHTML, like Gecko) Chrome/66.0.3359.117 Safari/537.36"
[Mon May 28 2018 22:01:47 GMT+0800 (CST)] "GET /img/profile_small.jpg" "Mozilla/5.0 (Windows NT 10.0; Win64; x64) AppleWebKit/537.36 (KHTML, like Gecko) Chrome/66.0.3359.117 Safari/537.36"
[Mon May 28 2018 22:01:47 GMT+0800 (CST)] "GET /css/bootstrap.min.css.map" "Mozilla/5.0 (Windows NT 10.0; Win64; x64) AppleWebKit/537.36 (KHTML, like Gecko) Chrome/66.0.3359.117 Safari/537.36"
[Mon May 28 2018 22:01:47 GMT+0800 (CST)] "GET /js/plugins/pace/pace.min.js" "Mozilla/5.0 (Windows NT 10.0; Win64; x64) AppleWebKit/537.36 (KHTML, like Gecko) Chrome/66.0.3359.117 Safari/537.36"
[Mon May 28 2018 22:01:47 GMT+0800 (CST)] "GET /js/plugins/sparkline/jquery.sparkline.min.js" "Mozilla/5.0 (Windows NT 10.0; Win64; x64) AppleWebKit/537.36 (KHTML, like Gecko) Chrome/66.0.3359.117 Safari/537.36"
[Mon May 28 2018 22:01:48 GMT+0800 (CST)] "GET /img/a7.jpg" "Mozilla/5.0 (Windows NT 10.0; Win64; x64) AppleWebKit/537.36 (KHTML, like Gecko) Chrome/66.0.3359.117 Safari/537.36"
[Mon May 28 2018 22:01:48 GMT+0800 (CST)] "GET /img/a4.jpg" "Mozilla/5.0 (Windows NT 10.0; Win64; x64) AppleWebKit/537.36 (KHTML, like Gecko) Chrome/66.0.3359.117 Safari/537.36"
[Mon May 28 2018 22:01:48 GMT+0800 (CST)] "GET /img/profile.jpg" "Mozilla/5.0 (Windows NT 10.0; Win64; x64) AppleWebKit/537.36 (KHTML, like Gecko) Chrome/66.0.3359.117 Safari/537.36"
[Mon May 28 2018 22:01:48 GMT+0800 (CST)] "GET /img/a1.jpg" "Mozilla/5.0 (Windows NT 10.0; Win64; x64) AppleWebKit/537.36 (KHTML, like Gecko) Chrome/66.0.3359.117 Safari/537.36"
[Mon May 28 2018 22:01:48 GMT+0800 (CST)] "GET /img/a2.jpg" "Mozilla/5.0 (Windows NT 10.0; Win64; x64) AppleWebKit/537.36 (KHTML, like Gecko) Chrome/66.0.3359.117 Safari/537.36"
[Mon May 28 2018 22:01:48 GMT+0800 (CST)] "GET /img/a3.jpg" "Mozilla/5.0 (Windows NT 10.0; Win64; x64) AppleWebKit/537.36 (KHTML, like Gecko) Chrome/66.0.3359.117 Safari/537.36"
[Mon May 28 2018 22:01:48 GMT+0800 (CST)] "GET /img/a8.jpg" "Mozilla/5.0 (Windows NT 10.0; Win64; x64) AppleWebKit/537.36 (KHTML, like Gecko) Chrome/66.0.3359.117 Safari/537.36"
[Mon May 28 2018 22:01:54 GMT+0800 (CST)] "GET /skin-config.html" "Mozilla/5.0 (Windows NT 10.0; Win64; x64) AppleWebKit/537.36 (KHTML, like Gecko) Chrome/66.0.3359.117 Safari/537.36"
[Mon May 28 2018 22:02:04 GMT+0800 (CST)] "GET /dashboard_4_1.html" "Mozilla/5.0 (Windows NT 10.0; Win64; x64) AppleWebKit/537.36 (KHTML, like Gecko) Chrome/66.0.3359.117 Safari/537.36"
[Mon May 28 2018 22:02:04 GMT+0800 (CST)] "GET /css/bootstrap.min.css" "Mozilla/5.0 (Windows NT 10.0; Win64; x64) AppleWebKit/537.36 (KHTML, like Gecko) Chrome/66.0.3359.117 Safari/537.36"
[Mon May 28 2018 22:02:04 GMT+0800 (CST)] "GET /font-awesome/css/font-awesome.css" "Mozilla/5.0 (Windows NT 10.0; Win64; x64) AppleWebKit/537.36 (KHTML, like Gecko) Chrome/66.0.3359.117 Safari/537.36"
[Mon May 28 2018 22:02:04 GMT+0800 (CST)] "GET /css/style.css" "Mozilla/5.0 (Windows NT 10.0; Win64; x64) AppleWebKit/537.36 (KHTML, like Gecko) Chrome/66.0.3359.117 Safari/537.36"
[Mon May 28 2018 22:02:04 GMT+0800 (CST)] "GET /css/animate.css" "Mozilla/5.0 (Windows NT 10.0; Win64; x64) AppleWebKit/537.36 (KHTML, like Gecko) Chrome/66.0.3359.117 Safari/537.36"
[Mon May 28 2018 22:02:04 GMT+0800 (CST)] "GET /css/plugins/morris/morris-0.4.3.min.css" "Mozilla/5.0 (Windows NT 10.0; Win64; x64) AppleWebKit/537.36 (KHTML, like Gecko) Chrome/66.0.3359.117 Safari/537.36"
[Mon May 28 2018 22:02:05 GMT+0800 (CST)] "GET /js/jquery-3.1.1.min.js" "Mozilla/5.0 (Windows NT 10.0; Win64; x64) AppleWebKit/537.36 (KHTML, like Gecko) Chrome/66.0.3359.117 Safari/537.36"
[Mon May 28 2018 22:02:07 GMT+0800 (CST)] "GET /js/bootstrap.min.js" "Mozilla/5.0 (Windows NT 10.0; Win64; x64) AppleWebKit/537.36 (KHTML, like Gecko) Chrome/66.0.3359.117 Safari/537.36"
[Mon May 28 2018 22:02:07 GMT+0800 (CST)] "GET /js/plugins/metisMenu/jquery.metisMenu.js" "Mozilla/5.0 (Windows NT 10.0; Win64; x64) AppleWebKit/537.36 (KHTML, like Gecko) Chrome/66.0.3359.117 Safari/537.36"
[Mon May 28 2018 22:02:07 GMT+0800 (CST)] "GET /js/plugins/slimscroll/jquery.slimscroll.min.js" "Mozilla/5.0 (Windows NT 10.0; Win64; x64) AppleWebKit/537.36 (KHTML, like Gecko) Chrome/66.0.3359.117 Safari/537.36"
[Mon May 28 2018 22:02:07 GMT+0800 (CST)] "GET /js/plugins/flot/jquery.flot.js" "Mozilla/5.0 (Windows NT 10.0; Win64; x64) AppleWebKit/537.36 (KHTML, like Gecko) Chrome/66.0.3359.117 Safari/537.36"
[Mon May 28 2018 22:02:09 GMT+0800 (CST)] "GET /js/plugins/flot/jquery.flot.tooltip.min.js" "Mozilla/5.0 (Windows NT 10.0; Win64; x64) AppleWebKit/537.36 (KHTML, like Gecko) Chrome/66.0.3359.117 Safari/537.36"
[Mon May 28 2018 22:02:09 GMT+0800 (CST)] "GET /js/plugins/flot/jquery.flot.spline.js" "Mozilla/5.0 (Windows NT 10.0; Win64; x64) AppleWebKit/537.36 (KHTML, like Gecko) Chrome/66.0.3359.117 Safari/537.36"
[Mon May 28 2018 22:02:09 GMT+0800 (CST)] "GET /js/plugins/flot/jquery.flot.resize.js" "Mozilla/5.0 (Windows NT 10.0; Win64; x64) AppleWebKit/537.36 (KHTML, like Gecko) Chrome/66.0.3359.117 Safari/537.36"
[Mon May 28 2018 22:02:09 GMT+0800 (CST)] "GET /js/plugins/flot/jquery.flot.pie.js" "Mozilla/5.0 (Windows NT 10.0; Win64; x64) AppleWebKit/537.36 (KHTML, like Gecko) Chrome/66.0.3359.117 Safari/537.36"
[Mon May 28 2018 22:02:09 GMT+0800 (CST)] "GET /js/plugins/flot/jquery.flot.symbol.js" "Mozilla/5.0 (Windows NT 10.0; Win64; x64) AppleWebKit/537.36 (KHTML, like Gecko) Chrome/66.0.3359.117 Safari/537.36"
[Mon May 28 2018 22:02:09 GMT+0800 (CST)] "GET /js/plugins/flot/curvedLines.js" "Mozilla/5.0 (Windows NT 10.0; Win64; x64) AppleWebKit/537.36 (KHTML, like Gecko) Chrome/66.0.3359.117 Safari/537.36"
[Mon May 28 2018 22:02:09 GMT+0800 (CST)] "GET /font-awesome/fonts/fontawesome-webfont.woff2?v=4.7.0" "Mozilla/5.0 (Windows NT 10.0; Win64; x64) AppleWebKit/537.36 (KHTML, like Gecko) Chrome/66.0.3359.117 Safari/537.36"
[Mon May 28 2018 22:02:09 GMT+0800 (CST)] "GET /img/profile_small.jpg" "Mozilla/5.0 (Windows NT 10.0; Win64; x64) AppleWebKit/537.36 (KHTML, like Gecko) Chrome/66.0.3359.117 Safari/537.36"
[Mon May 28 2018 22:02:09 GMT+0800 (CST)] "GET /css/patterns/header-profile.png" "Mozilla/5.0 (Windows NT 10.0; Win64; x64) AppleWebKit/537.36 (KHTML, like Gecko) Chrome/66.0.3359.117 Safari/537.36"
[Mon May 28 2018 22:02:09 GMT+0800 (CST)] "GET /css/bootstrap.min.css.map" "Mozilla/5.0 (Windows NT 10.0; Win64; x64) AppleWebKit/537.36 (KHTML, like Gecko) Chrome/66.0.3359.117 Safari/537.36"
[Mon May 28 2018 22:02:09 GMT+0800 (CST)] "GET /js/plugins/peity/jquery.peity.min.js" "Mozilla/5.0 (Windows NT 10.0; Win64; x64) AppleWebKit/537.36 (KHTML, like Gecko) Chrome/66.0.3359.117 Safari/537.36"
[Mon May 28 2018 22:02:09 GMT+0800 (CST)] "GET /js/demo/peity-demo.js" "Mozilla/5.0 (Windows NT 10.0; Win64; x64) AppleWebKit/537.36 (KHTML, like Gecko) Chrome/66.0.3359.117 Safari/537.36"
[Mon May 28 2018 22:02:09 GMT+0800 (CST)] "GET /js/inspinia.js" "Mozilla/5.0 (Windows NT 10.0; Win64; x64) AppleWebKit/537.36 (KHTML, like Gecko) Chrome/66.0.3359.117 Safari/537.36"
[Mon May 28 2018 22:02:09 GMT+0800 (CST)] "GET /js/plugins/pace/pace.min.js" "Mozilla/5.0 (Windows NT 10.0; Win64; x64) AppleWebKit/537.36 (KHTML, like Gecko) Chrome/66.0.3359.117 Safari/537.36"
[Mon May 28 2018 22:02:09 GMT+0800 (CST)] "GET /js/plugins/jquery-ui/jquery-ui.min.js" "Mozilla/5.0 (Windows NT 10.0; Win64; x64) AppleWebKit/537.36 (KHTML, like Gecko) Chrome/66.0.3359.117 Safari/537.36"
[Mon May 28 2018 22:02:09 GMT+0800 (CST)] "GET /js/plugins/jvectormap/jquery-jvectormap-2.0.2.min.js" "Mozilla/5.0 (Windows NT 10.0; Win64; x64) AppleWebKit/537.36 (KHTML, like Gecko) Chrome/66.0.3359.117 Safari/537.36"
[Mon May 28 2018 22:02:09 GMT+0800 (CST)] "GET /js/plugins/jvectormap/jquery-jvectormap-world-mill-en.js" "Mozilla/5.0 (Windows NT 10.0; Win64; x64) AppleWebKit/537.36 (KHTML, like Gecko) Chrome/66.0.3359.117 Safari/537.36"
[Mon May 28 2018 22:02:10 GMT+0800 (CST)] "GET /js/plugins/sparkline/jquery.sparkline.min.js" "Mozilla/5.0 (Windows NT 10.0; Win64; x64) AppleWebKit/537.36 (KHTML, like Gecko) Chrome/66.0.3359.117 Safari/537.36"
[Mon May 28 2018 22:02:11 GMT+0800 (CST)] "GET /js/demo/sparkline-demo.js" "Mozilla/5.0 (Windows NT 10.0; Win64; x64) AppleWebKit/537.36 (KHTML, like Gecko) Chrome/66.0.3359.117 Safari/537.36"
[Mon May 28 2018 22:02:11 GMT+0800 (CST)] "GET /js/plugins/chartJs/Chart.min.js" "Mozilla/5.0 (Windows NT 10.0; Win64; x64) AppleWebKit/537.36 (KHTML, like Gecko) Chrome/66.0.3359.117 Safari/537.36"
[Mon May 28 2018 22:02:12 GMT+0800 (CST)] "GET /img/a7.jpg" "Mozilla/5.0 (Windows NT 10.0; Win64; x64) AppleWebKit/537.36 (KHTML, like Gecko) Chrome/66.0.3359.117 Safari/537.36"
[Mon May 28 2018 22:02:12 GMT+0800 (CST)] "GET /img/a4.jpg" "Mozilla/5.0 (Windows NT 10.0; Win64; x64) AppleWebKit/537.36 (KHTML, like Gecko) Chrome/66.0.3359.117 Safari/537.36"
[Mon May 28 2018 22:02:12 GMT+0800 (CST)] "GET /img/profile.jpg" "Mozilla/5.0 (Windows NT 10.0; Win64; x64) AppleWebKit/537.36 (KHTML, like Gecko) Chrome/66.0.3359.117 Safari/537.36"
[Mon May 28 2018 22:02:13 GMT+0800 (CST)] "GET /img/a1.jpg" "Mozilla/5.0 (Windows NT 10.0; Win64; x64) AppleWebKit/537.36 (KHTML, like Gecko) Chrome/66.0.3359.117 Safari/537.36"
[Mon May 28 2018 22:02:13 GMT+0800 (CST)] "GET /img/a2.jpg" "Mozilla/5.0 (Windows NT 10.0; Win64; x64) AppleWebKit/537.36 (KHTML, like Gecko) Chrome/66.0.3359.117 Safari/537.36"
[Mon May 28 2018 22:02:13 GMT+0800 (CST)] "GET /img/a3.jpg" "Mozilla/5.0 (Windows NT 10.0; Win64; x64) AppleWebKit/537.36 (KHTML, like Gecko) Chrome/66.0.3359.117 Safari/537.36"
[Mon May 28 2018 22:02:14 GMT+0800 (CST)] "GET /img/a8.jpg" "Mozilla/5.0 (Windows NT 10.0; Win64; x64) AppleWebKit/537.36 (KHTML, like Gecko) Chrome/66.0.3359.117 Safari/537.36"
[Mon May 28 2018 22:02:17 GMT+0800 (CST)] "GET /skin-config.html" "Mozilla/5.0 (Windows NT 10.0; Win64; x64) AppleWebKit/537.36 (KHTML, like Gecko) Chrome/66.0.3359.117 Safari/537.36"
[Mon May 28 2018 22:03:22 GMT+0800 (CST)] "GET /metrics.html" "Mozilla/5.0 (Windows NT 10.0; Win64; x64) AppleWebKit/537.36 (KHTML, like Gecko) Chrome/66.0.3359.117 Safari/537.36"
[Mon May 28 2018 22:03:22 GMT+0800 (CST)] "GET /css/bootstrap.min.css" "Mozilla/5.0 (Windows NT 10.0; Win64; x64) AppleWebKit/537.36 (KHTML, like Gecko) Chrome/66.0.3359.117 Safari/537.36"
[Mon May 28 2018 22:03:22 GMT+0800 (CST)] "GET /css/animate.css" "Mozilla/5.0 (Windows NT 10.0; Win64; x64) AppleWebKit/537.36 (KHTML, like Gecko) Chrome/66.0.3359.117 Safari/537.36"
[Mon May 28 2018 22:03:22 GMT+0800 (CST)] "GET /font-awesome/css/font-awesome.css" "Mozilla/5.0 (Windows NT 10.0; Win64; x64) AppleWebKit/537.36 (KHTML, like Gecko) Chrome/66.0.3359.117 Safari/537.36"
[Mon May 28 2018 22:03:22 GMT+0800 (CST)] "GET /css/style.css" "Mozilla/5.0 (Windows NT 10.0; Win64; x64) AppleWebKit/537.36 (KHTML, like Gecko) Chrome/66.0.3359.117 Safari/537.36"
[Mon May 28 2018 22:03:22 GMT+0800 (CST)] "GET /js/jquery-3.1.1.min.js" "Mozilla/5.0 (Windows NT 10.0; Win64; x64) AppleWebKit/537.36 (KHTML, like Gecko) Chrome/66.0.3359.117 Safari/537.36"
[Mon May 28 2018 22:03:25 GMT+0800 (CST)] "GET /js/bootstrap.min.js" "Mozilla/5.0 (Windows NT 10.0; Win64; x64) AppleWebKit/537.36 (KHTML, like Gecko) Chrome/66.0.3359.117 Safari/537.36"
[Mon May 28 2018 22:03:25 GMT+0800 (CST)] "GET /js/plugins/metisMenu/jquery.metisMenu.js" "Mozilla/5.0 (Windows NT 10.0; Win64; x64) AppleWebKit/537.36 (KHTML, like Gecko) Chrome/66.0.3359.117 Safari/537.36"
[Mon May 28 2018 22:03:25 GMT+0800 (CST)] "GET /js/plugins/slimscroll/jquery.slimscroll.min.js" "Mozilla/5.0 (Windows NT 10.0; Win64; x64) AppleWebKit/537.36 (KHTML, like Gecko) Chrome/66.0.3359.117 Safari/537.36"
[Mon May 28 2018 22:03:25 GMT+0800 (CST)] "GET /js/plugins/sparkline/jquery.sparkline.min.js" "Mozilla/5.0 (Windows NT 10.0; Win64; x64) AppleWebKit/537.36 (KHTML, like Gecko) Chrome/66.0.3359.117 Safari/537.36"
[Mon May 28 2018 22:03:25 GMT+0800 (CST)] "GET /js/plugins/peity/jquery.peity.min.js" "Mozilla/5.0 (Windows NT 10.0; Win64; x64) AppleWebKit/537.36 (KHTML, like Gecko) Chrome/66.0.3359.117 Safari/537.36"
[Mon May 28 2018 22:03:26 GMT+0800 (CST)] "GET /js/demo/peity-demo.js" "Mozilla/5.0 (Windows NT 10.0; Win64; x64) AppleWebKit/537.36 (KHTML, like Gecko) Chrome/66.0.3359.117 Safari/537.36"
[Mon May 28 2018 22:03:26 GMT+0800 (CST)] "GET /js/inspinia.js" "Mozilla/5.0 (Windows NT 10.0; Win64; x64) AppleWebKit/537.36 (KHTML, like Gecko) Chrome/66.0.3359.117 Safari/537.36"
[Mon May 28 2018 22:03:26 GMT+0800 (CST)] "GET /img/a4.jpg" "Mozilla/5.0 (Windows NT 10.0; Win64; x64) AppleWebKit/537.36 (KHTML, like Gecko) Chrome/66.0.3359.117 Safari/537.36"
[Mon May 28 2018 22:03:26 GMT+0800 (CST)] "GET /img/a7.jpg" "Mozilla/5.0 (Windows NT 10.0; Win64; x64) AppleWebKit/537.36 (KHTML, like Gecko) Chrome/66.0.3359.117 Safari/537.36"
[Mon May 28 2018 22:03:26 GMT+0800 (CST)] "GET /img/profile_small.jpg" "Mozilla/5.0 (Windows NT 10.0; Win64; x64) AppleWebKit/537.36 (KHTML, like Gecko) Chrome/66.0.3359.117 Safari/537.36"
[Mon May 28 2018 22:03:26 GMT+0800 (CST)] "GET /js/plugins/pace/pace.min.js" "Mozilla/5.0 (Windows NT 10.0; Win64; x64) AppleWebKit/537.36 (KHTML, like Gecko) Chrome/66.0.3359.117 Safari/537.36"
[Mon May 28 2018 22:03:26 GMT+0800 (CST)] "GET /img/profile.jpg" "Mozilla/5.0 (Windows NT 10.0; Win64; x64) AppleWebKit/537.36 (KHTML, like Gecko) Chrome/66.0.3359.117 Safari/537.36"
[Mon May 28 2018 22:03:26 GMT+0800 (CST)] "GET /css/patterns/header-profile.png" "Mozilla/5.0 (Windows NT 10.0; Win64; x64) AppleWebKit/537.36 (KHTML, like Gecko) Chrome/66.0.3359.117 Safari/537.36"
[Mon May 28 2018 22:03:26 GMT+0800 (CST)] "GET /font-awesome/fonts/fontawesome-webfont.woff2?v=4.7.0" "Mozilla/5.0 (Windows NT 10.0; Win64; x64) AppleWebKit/537.36 (KHTML, like Gecko) Chrome/66.0.3359.117 Safari/537.36"
[Mon May 28 2018 22:03:26 GMT+0800 (CST)] "GET /css/bootstrap.min.css.map" "Mozilla/5.0 (Windows NT 10.0; Win64; x64) AppleWebKit/537.36 (KHTML, like Gecko) Chrome/66.0.3359.117 Safari/537.36"
[Mon May 28 2018 22:03:29 GMT+0800 (CST)] "GET /skin-config.html" "Mozilla/5.0 (Windows NT 10.0; Win64; x64) AppleWebKit/537.36 (KHTML, like Gecko) Chrome/66.0.3359.117 Safari/537.36"
[Mon May 28 2018 22:03:37 GMT+0800 (CST)] "GET /profile.html" "Mozilla/5.0 (Windows NT 10.0; Win64; x64) AppleWebKit/537.36 (KHTML, like Gecko) Chrome/66.0.3359.117 Safari/537.36"
[Mon May 28 2018 22:03:38 GMT+0800 (CST)] "GET /css/bootstrap.min.css" "Mozilla/5.0 (Windows NT 10.0; Win64; x64) AppleWebKit/537.36 (KHTML, like Gecko) Chrome/66.0.3359.117 Safari/537.36"
[Mon May 28 2018 22:03:38 GMT+0800 (CST)] "GET /css/style.css" "Mozilla/5.0 (Windows NT 10.0; Win64; x64) AppleWebKit/537.36 (KHTML, like Gecko) Chrome/66.0.3359.117 Safari/537.36"
[Mon May 28 2018 22:03:38 GMT+0800 (CST)] "GET /font-awesome/css/font-awesome.css" "Mozilla/5.0 (Windows NT 10.0; Win64; x64) AppleWebKit/537.36 (KHTML, like Gecko) Chrome/66.0.3359.117 Safari/537.36"
[Mon May 28 2018 22:03:38 GMT+0800 (CST)] "GET /css/animate.css" "Mozilla/5.0 (Windows NT 10.0; Win64; x64) AppleWebKit/537.36 (KHTML, like Gecko) Chrome/66.0.3359.117 Safari/537.36"
[Mon May 28 2018 22:03:38 GMT+0800 (CST)] "GET /js/jquery-3.1.1.min.js" "Mozilla/5.0 (Windows NT 10.0; Win64; x64) AppleWebKit/537.36 (KHTML, like Gecko) Chrome/66.0.3359.117 Safari/537.36"
[Mon May 28 2018 22:03:40 GMT+0800 (CST)] "GET /js/bootstrap.js" "Mozilla/5.0 (Windows NT 10.0; Win64; x64) AppleWebKit/537.36 (KHTML, like Gecko) Chrome/66.0.3359.117 Safari/537.36"
[Mon May 28 2018 22:03:41 GMT+0800 (CST)] "GET /js/plugins/metisMenu/jquery.metisMenu.js" "Mozilla/5.0 (Windows NT 10.0; Win64; x64) AppleWebKit/537.36 (KHTML, like Gecko) Chrome/66.0.3359.117 Safari/537.36"
[Mon May 28 2018 22:03:41 GMT+0800 (CST)] "GET /js/plugins/slimscroll/jquery.slimscroll.min.js" "Mozilla/5.0 (Windows NT 10.0; Win64; x64) AppleWebKit/537.36 (KHTML, like Gecko) Chrome/66.0.3359.117 Safari/537.36"
[Mon May 28 2018 22:03:41 GMT+0800 (CST)] "GET /js/inspinia.js" "Mozilla/5.0 (Windows NT 10.0; Win64; x64) AppleWebKit/537.36 (KHTML, like Gecko) Chrome/66.0.3359.117 Safari/537.36"
[Mon May 28 2018 22:03:41 GMT+0800 (CST)] "GET /js/plugins/pace/pace.min.js" "Mozilla/5.0 (Windows NT 10.0; Win64; x64) AppleWebKit/537.36 (KHTML, like Gecko) Chrome/66.0.3359.117 Safari/537.36"
[Mon May 28 2018 22:03:41 GMT+0800 (CST)] "GET /js/plugins/peity/jquery.peity.min.js" "Mozilla/5.0 (Windows NT 10.0; Win64; x64) AppleWebKit/537.36 (KHTML, like Gecko) Chrome/66.0.3359.117 Safari/537.36"
[Mon May 28 2018 22:03:41 GMT+0800 (CST)] "GET /js/demo/peity-demo.js" "Mozilla/5.0 (Windows NT 10.0; Win64; x64) AppleWebKit/537.36 (KHTML, like Gecko) Chrome/66.0.3359.117 Safari/537.36"
[Mon May 28 2018 22:03:41 GMT+0800 (CST)] "GET /img/profile_small.jpg" "Mozilla/5.0 (Windows NT 10.0; Win64; x64) AppleWebKit/537.36 (KHTML, like Gecko) Chrome/66.0.3359.117 Safari/537.36"
[Mon May 28 2018 22:03:41 GMT+0800 (CST)] "GET /img/a7.jpg" "Mozilla/5.0 (Windows NT 10.0; Win64; x64) AppleWebKit/537.36 (KHTML, like Gecko) Chrome/66.0.3359.117 Safari/537.36"
[Mon May 28 2018 22:03:42 GMT+0800 (CST)] "GET /img/a4.jpg" "Mozilla/5.0 (Windows NT 10.0; Win64; x64) AppleWebKit/537.36 (KHTML, like Gecko) Chrome/66.0.3359.117 Safari/537.36"
[Mon May 28 2018 22:03:42 GMT+0800 (CST)] "GET /img/profile.jpg" "Mozilla/5.0 (Windows NT 10.0; Win64; x64) AppleWebKit/537.36 (KHTML, like Gecko) Chrome/66.0.3359.117 Safari/537.36"
[Mon May 28 2018 22:03:42 GMT+0800 (CST)] "GET /img/profile_big.jpg" "Mozilla/5.0 (Windows NT 10.0; Win64; x64) AppleWebKit/537.36 (KHTML, like Gecko) Chrome/66.0.3359.117 Safari/537.36"
[Mon May 28 2018 22:03:42 GMT+0800 (CST)] "GET /img/a1.jpg" "Mozilla/5.0 (Windows NT 10.0; Win64; x64) AppleWebKit/537.36 (KHTML, like Gecko) Chrome/66.0.3359.117 Safari/537.36"
[Mon May 28 2018 22:03:42 GMT+0800 (CST)] "GET /img/p1.jpg" "Mozilla/5.0 (Windows NT 10.0; Win64; x64) AppleWebKit/537.36 (KHTML, like Gecko) Chrome/66.0.3359.117 Safari/537.36"
[Mon May 28 2018 22:03:42 GMT+0800 (CST)] "GET /img/a2.jpg" "Mozilla/5.0 (Windows NT 10.0; Win64; x64) AppleWebKit/537.36 (KHTML, like Gecko) Chrome/66.0.3359.117 Safari/537.36"
[Mon May 28 2018 22:03:42 GMT+0800 (CST)] "GET /img/a3.jpg" "Mozilla/5.0 (Windows NT 10.0; Win64; x64) AppleWebKit/537.36 (KHTML, like Gecko) Chrome/66.0.3359.117 Safari/537.36"
[Mon May 28 2018 22:03:42 GMT+0800 (CST)] "GET /img/p3.jpg" "Mozilla/5.0 (Windows NT 10.0; Win64; x64) AppleWebKit/537.36 (KHTML, like Gecko) Chrome/66.0.3359.117 Safari/537.36"
[Mon May 28 2018 22:03:42 GMT+0800 (CST)] "GET /font-awesome/fonts/fontawesome-webfont.woff2?v=4.7.0" "Mozilla/5.0 (Windows NT 10.0; Win64; x64) AppleWebKit/537.36 (KHTML, like Gecko) Chrome/66.0.3359.117 Safari/537.36"
[Mon May 28 2018 22:03:43 GMT+0800 (CST)] "GET /css/patterns/header-profile.png" "Mozilla/5.0 (Windows NT 10.0; Win64; x64) AppleWebKit/537.36 (KHTML, like Gecko) Chrome/66.0.3359.117 Safari/537.36"
[Mon May 28 2018 22:03:44 GMT+0800 (CST)] "GET /skin-config.html" "Mozilla/5.0 (Windows NT 10.0; Win64; x64) AppleWebKit/537.36 (KHTML, like Gecko) Chrome/66.0.3359.117 Safari/537.36"
[Mon May 28 2018 22:03:44 GMT+0800 (CST)] "GET /css/bootstrap.min.css.map" "Mozilla/5.0 (Windows NT 10.0; Win64; x64) AppleWebKit/537.36 (KHTML, like Gecko) Chrome/66.0.3359.117 Safari/537.36"
[Mon May 28 2018 22:03:44 GMT+0800 (CST)] "GET /img/a5.jpg" "Mozilla/5.0 (Windows NT 10.0; Win64; x64) AppleWebKit/537.36 (KHTML, like Gecko) Chrome/66.0.3359.117 Safari/537.36"
[Mon May 28 2018 22:12:07 GMT+0800 (CST)] "GET /project_detail.html" "Mozilla/5.0 (Windows NT 10.0; Win64; x64) AppleWebKit/537.36 (KHTML, like Gecko) Chrome/66.0.3359.117 Safari/537.36"
[Mon May 28 2018 22:12:07 GMT+0800 (CST)] "GET /font-awesome/css/font-awesome.css" "Mozilla/5.0 (Windows NT 10.0; Win64; x64) AppleWebKit/537.36 (KHTML, like Gecko) Chrome/66.0.3359.117 Safari/537.36"
[Mon May 28 2018 22:12:07 GMT+0800 (CST)] "GET /css/bootstrap.min.css" "Mozilla/5.0 (Windows NT 10.0; Win64; x64) AppleWebKit/537.36 (KHTML, like Gecko) Chrome/66.0.3359.117 Safari/537.36"
[Mon May 28 2018 22:12:07 GMT+0800 (CST)] "GET /css/animate.css" "Mozilla/5.0 (Windows NT 10.0; Win64; x64) AppleWebKit/537.36 (KHTML, like Gecko) Chrome/66.0.3359.117 Safari/537.36"
[Mon May 28 2018 22:12:07 GMT+0800 (CST)] "GET /css/style.css" "Mozilla/5.0 (Windows NT 10.0; Win64; x64) AppleWebKit/537.36 (KHTML, like Gecko) Chrome/66.0.3359.117 Safari/537.36"
[Mon May 28 2018 22:12:07 GMT+0800 (CST)] "GET /js/jquery-3.1.1.min.js" "Mozilla/5.0 (Windows NT 10.0; Win64; x64) AppleWebKit/537.36 (KHTML, like Gecko) Chrome/66.0.3359.117 Safari/537.36"
[Mon May 28 2018 22:12:10 GMT+0800 (CST)] "GET /js/bootstrap.min.js" "Mozilla/5.0 (Windows NT 10.0; Win64; x64) AppleWebKit/537.36 (KHTML, like Gecko) Chrome/66.0.3359.117 Safari/537.36"
[Mon May 28 2018 22:12:11 GMT+0800 (CST)] "GET /js/plugins/metisMenu/jquery.metisMenu.js" "Mozilla/5.0 (Windows NT 10.0; Win64; x64) AppleWebKit/537.36 (KHTML, like Gecko) Chrome/66.0.3359.117 Safari/537.36"
[Mon May 28 2018 22:12:11 GMT+0800 (CST)] "GET /js/plugins/slimscroll/jquery.slimscroll.min.js" "Mozilla/5.0 (Windows NT 10.0; Win64; x64) AppleWebKit/537.36 (KHTML, like Gecko) Chrome/66.0.3359.117 Safari/537.36"
[Mon May 28 2018 22:12:11 GMT+0800 (CST)] "GET /js/inspinia.js" "Mozilla/5.0 (Windows NT 10.0; Win64; x64) AppleWebKit/537.36 (KHTML, like Gecko) Chrome/66.0.3359.117 Safari/537.36"
[Mon May 28 2018 22:12:11 GMT+0800 (CST)] "GET /js/plugins/pace/pace.min.js" "Mozilla/5.0 (Windows NT 10.0; Win64; x64) AppleWebKit/537.36 (KHTML, like Gecko) Chrome/66.0.3359.117 Safari/537.36"
[Mon May 28 2018 22:12:11 GMT+0800 (CST)] "GET /img/profile_small.jpg" "Mozilla/5.0 (Windows NT 10.0; Win64; x64) AppleWebKit/537.36 (KHTML, like Gecko) Chrome/66.0.3359.117 Safari/537.36"
[Mon May 28 2018 22:12:11 GMT+0800 (CST)] "GET /img/a7.jpg" "Mozilla/5.0 (Windows NT 10.0; Win64; x64) AppleWebKit/537.36 (KHTML, like Gecko) Chrome/66.0.3359.117 Safari/537.36"
[Mon May 28 2018 22:12:11 GMT+0800 (CST)] "GET /img/a4.jpg" "Mozilla/5.0 (Windows NT 10.0; Win64; x64) AppleWebKit/537.36 (KHTML, like Gecko) Chrome/66.0.3359.117 Safari/537.36"
[Mon May 28 2018 22:12:11 GMT+0800 (CST)] "GET /img/a2.jpg" "Mozilla/5.0 (Windows NT 10.0; Win64; x64) AppleWebKit/537.36 (KHTML, like Gecko) Chrome/66.0.3359.117 Safari/537.36"
[Mon May 28 2018 22:12:11 GMT+0800 (CST)] "GET /img/profile.jpg" "Mozilla/5.0 (Windows NT 10.0; Win64; x64) AppleWebKit/537.36 (KHTML, like Gecko) Chrome/66.0.3359.117 Safari/537.36"
[Mon May 28 2018 22:12:11 GMT+0800 (CST)] "GET /img/a1.jpg" "Mozilla/5.0 (Windows NT 10.0; Win64; x64) AppleWebKit/537.36 (KHTML, like Gecko) Chrome/66.0.3359.117 Safari/537.36"
[Mon May 28 2018 22:12:11 GMT+0800 (CST)] "GET /img/a3.jpg" "Mozilla/5.0 (Windows NT 10.0; Win64; x64) AppleWebKit/537.36 (KHTML, like Gecko) Chrome/66.0.3359.117 Safari/537.36"
[Mon May 28 2018 22:12:11 GMT+0800 (CST)] "GET /img/a5.jpg" "Mozilla/5.0 (Windows NT 10.0; Win64; x64) AppleWebKit/537.36 (KHTML, like Gecko) Chrome/66.0.3359.117 Safari/537.36"
[Mon May 28 2018 22:12:11 GMT+0800 (CST)] "GET /img/zender_logo.png" "Mozilla/5.0 (Windows NT 10.0; Win64; x64) AppleWebKit/537.36 (KHTML, like Gecko) Chrome/66.0.3359.117 Safari/537.36"
[Mon May 28 2018 22:12:11 GMT+0800 (CST)] "GET /css/patterns/header-profile.png" "Mozilla/5.0 (Windows NT 10.0; Win64; x64) AppleWebKit/537.36 (KHTML, like Gecko) Chrome/66.0.3359.117 Safari/537.36"
[Mon May 28 2018 22:12:11 GMT+0800 (CST)] "GET /font-awesome/fonts/fontawesome-webfont.woff2?v=4.7.0" "Mozilla/5.0 (Windows NT 10.0; Win64; x64) AppleWebKit/537.36 (KHTML, like Gecko) Chrome/66.0.3359.117 Safari/537.36"
[Mon May 28 2018 22:12:11 GMT+0800 (CST)] "GET /css/bootstrap.min.css.map" "Mozilla/5.0 (Windows NT 10.0; Win64; x64) AppleWebKit/537.36 (KHTML, like Gecko) Chrome/66.0.3359.117 Safari/537.36"
[Mon May 28 2018 22:12:11 GMT+0800 (CST)] "GET /skin-config.html" "Mozilla/5.0 (Windows NT 10.0; Win64; x64) AppleWebKit/537.36 (KHTML, like Gecko) Chrome/66.0.3359.117 Safari/537.36"
[Mon May 28 2018 22:14:49 GMT+0800 (CST)] "GET /" "Mozilla/5.0 (Macintosh; Intel Mac OS X 10_11_6) AppleWebKit/601.7.7 (KHTML, like Gecko) Version/9.1.2 Safari/601.7.7"
[Tue May 29 2018 00:08:36 GMT+0800 (CST)] "POST /GponForm/diag_Form?images/" "Hello, World"
[Tue May 29 2018 00:08:36 GMT+0800 (CST)] "POST /GponForm/diag_Form?images/" Error (404): "Not found"
[Tue May 29 2018 00:31:32 GMT+0800 (CST)] "GET /" "Mozilla/5.0 (Windows NT 10.0; WOW64) AppleWebKit/537.36 (KHTML, like Gecko) Chrome/51.0.2704.103 Safari/537.36"
[Tue May 29 2018 00:51:54 GMT+0800 (CST)] "GET /" "Mozilla/5.0 (Windows NT 10.0; WOW64) AppleWebKit/537.36 (KHTML, like Gecko) Chrome/51.0.2704.103 Safari/537.36"
[Tue May 29 2018 01:22:51 GMT+0800 (CST)] "GET /" "Mozilla/5.0 zgrab/0.x"
Starting up http-server, serving ./
Available on:
  http://127.0.0.1:8080
  http://172.17.0.3:8080
Hit CTRL-C to stop the server
[Tue May 29 2018 11:34:20 GMT+0800 (CST)] "GET /form_basic.html" "Mozilla/5.0 (Windows NT 10.0; Win64; x64) AppleWebKit/537.36 (KHTML, like Gecko) Chrome/66.0.3359.117 Safari/537.36"
[Tue May 29 2018 11:34:20 GMT+0800 (CST)] "GET /css/bootstrap.min.css" "Mozilla/5.0 (Windows NT 10.0; Win64; x64) AppleWebKit/537.36 (KHTML, like Gecko) Chrome/66.0.3359.117 Safari/537.36"
[Tue May 29 2018 11:34:20 GMT+0800 (CST)] "GET /css/plugins/iCheck/custom.css" "Mozilla/5.0 (Windows NT 10.0; Win64; x64) AppleWebKit/537.36 (KHTML, like Gecko) Chrome/66.0.3359.117 Safari/537.36"
[Tue May 29 2018 11:34:20 GMT+0800 (CST)] "GET /font-awesome/css/font-awesome.css" "Mozilla/5.0 (Windows NT 10.0; Win64; x64) AppleWebKit/537.36 (KHTML, like Gecko) Chrome/66.0.3359.117 Safari/537.36"
[Tue May 29 2018 11:34:21 GMT+0800 (CST)] "GET /css/style.css" "Mozilla/5.0 (Windows NT 10.0; Win64; x64) AppleWebKit/537.36 (KHTML, like Gecko) Chrome/66.0.3359.117 Safari/537.36"
[Tue May 29 2018 11:34:21 GMT+0800 (CST)] "GET /css/animate.css" "Mozilla/5.0 (Windows NT 10.0; Win64; x64) AppleWebKit/537.36 (KHTML, like Gecko) Chrome/66.0.3359.117 Safari/537.36"
[Tue May 29 2018 11:34:21 GMT+0800 (CST)] "GET /css/plugins/awesome-bootstrap-checkbox/awesome-bootstrap-checkbox.css" "Mozilla/5.0 (Windows NT 10.0; Win64; x64) AppleWebKit/537.36 (KHTML, like Gecko) Chrome/66.0.3359.117 Safari/537.36"
[Tue May 29 2018 11:34:21 GMT+0800 (CST)] "GET /js/jquery-3.1.1.min.js" "Mozilla/5.0 (Windows NT 10.0; Win64; x64) AppleWebKit/537.36 (KHTML, like Gecko) Chrome/66.0.3359.117 Safari/537.36"
[Tue May 29 2018 11:34:23 GMT+0800 (CST)] "GET /js/bootstrap.min.js" "Mozilla/5.0 (Windows NT 10.0; Win64; x64) AppleWebKit/537.36 (KHTML, like Gecko) Chrome/66.0.3359.117 Safari/537.36"
[Tue May 29 2018 11:34:24 GMT+0800 (CST)] "GET /js/plugins/metisMenu/jquery.metisMenu.js" "Mozilla/5.0 (Windows NT 10.0; Win64; x64) AppleWebKit/537.36 (KHTML, like Gecko) Chrome/66.0.3359.117 Safari/537.36"
[Tue May 29 2018 11:34:24 GMT+0800 (CST)] "GET /js/plugins/slimscroll/jquery.slimscroll.min.js" "Mozilla/5.0 (Windows NT 10.0; Win64; x64) AppleWebKit/537.36 (KHTML, like Gecko) Chrome/66.0.3359.117 Safari/537.36"
[Tue May 29 2018 11:34:24 GMT+0800 (CST)] "GET /js/inspinia.js" "Mozilla/5.0 (Windows NT 10.0; Win64; x64) AppleWebKit/537.36 (KHTML, like Gecko) Chrome/66.0.3359.117 Safari/537.36"
[Tue May 29 2018 11:34:24 GMT+0800 (CST)] "GET /js/plugins/pace/pace.min.js" "Mozilla/5.0 (Windows NT 10.0; Win64; x64) AppleWebKit/537.36 (KHTML, like Gecko) Chrome/66.0.3359.117 Safari/537.36"
[Tue May 29 2018 11:34:24 GMT+0800 (CST)] "GET /js/plugins/iCheck/icheck.min.js" "Mozilla/5.0 (Windows NT 10.0; Win64; x64) AppleWebKit/537.36 (KHTML, like Gecko) Chrome/66.0.3359.117 Safari/537.36"
[Tue May 29 2018 11:34:24 GMT+0800 (CST)] "GET /img/profile_small.jpg" "Mozilla/5.0 (Windows NT 10.0; Win64; x64) AppleWebKit/537.36 (KHTML, like Gecko) Chrome/66.0.3359.117 Safari/537.36"
[Tue May 29 2018 11:34:24 GMT+0800 (CST)] "GET /img/a7.jpg" "Mozilla/5.0 (Windows NT 10.0; Win64; x64) AppleWebKit/537.36 (KHTML, like Gecko) Chrome/66.0.3359.117 Safari/537.36"
[Tue May 29 2018 11:34:24 GMT+0800 (CST)] "GET /img/a4.jpg" "Mozilla/5.0 (Windows NT 10.0; Win64; x64) AppleWebKit/537.36 (KHTML, like Gecko) Chrome/66.0.3359.117 Safari/537.36"
[Tue May 29 2018 11:34:24 GMT+0800 (CST)] "GET /img/profile.jpg" "Mozilla/5.0 (Windows NT 10.0; Win64; x64) AppleWebKit/537.36 (KHTML, like Gecko) Chrome/66.0.3359.117 Safari/537.36"
[Tue May 29 2018 11:34:24 GMT+0800 (CST)] "GET /css/patterns/header-profile.png" "Mozilla/5.0 (Windows NT 10.0; Win64; x64) AppleWebKit/537.36 (KHTML, like Gecko) Chrome/66.0.3359.117 Safari/537.36"
[Tue May 29 2018 11:34:24 GMT+0800 (CST)] "GET /font-awesome/fonts/fontawesome-webfont.woff2?v=4.7.0" "Mozilla/5.0 (Windows NT 10.0; Win64; x64) AppleWebKit/537.36 (KHTML, like Gecko) Chrome/66.0.3359.117 Safari/537.36"
[Tue May 29 2018 11:34:24 GMT+0800 (CST)] "GET /skin-config.html" "Mozilla/5.0 (Windows NT 10.0; Win64; x64) AppleWebKit/537.36 (KHTML, like Gecko) Chrome/66.0.3359.117 Safari/537.36"
[Tue May 29 2018 11:34:24 GMT+0800 (CST)] "GET /css/plugins/iCheck/green@2x.png" "Mozilla/5.0 (Windows NT 10.0; Win64; x64) AppleWebKit/537.36 (KHTML, like Gecko) Chrome/66.0.3359.117 Safari/537.36"
[Tue May 29 2018 11:34:59 GMT+0800 (CST)] "GET /css/bootstrap.min.css.map" "Mozilla/5.0 (Windows NT 10.0; Win64; x64) AppleWebKit/537.36 (KHTML, like Gecko) Chrome/66.0.3359.117 Safari/537.36"
[Tue May 29 2018 13:54:34 GMT+0800 (CST)] "GET /" "Mozilla/5.0 (Windows NT 10.0; WOW64) AppleWebKit/537.36 (KHTML, like Gecko) Chrome/52.0.2743.116 Safari/537.36"
Starting up http-server, serving ./
Available on:
  http://127.0.0.1:8080
  http://172.17.0.3:8080
Hit CTRL-C to stop the server
